This file contains any messages produced by compilers while
running configure, to aid debugging if configure makes a mistake.

It was created by Roger Router configure 1.9.3, which was
generated by GNU Autoconf 2.69.  Invocation command line was

  $ configure 

## --------- ##
## Platform. ##
## --------- ##

hostname = linux1
uname -m = x86_64
uname -r = 4.4.92-31-default
uname -s = Linux
uname -v = #1 SMP Sun Oct 22 06:56:24 UTC 2017 (1d80e8a)

/usr/bin/uname -p = x86_64
/bin/uname -X     = unknown

/bin/arch              = x86_64
/usr/bin/arch -k       = unknown
/usr/convex/getsysinfo = unknown
/usr/bin/hostinfo      = unknown
/bin/machine           = unknown
/usr/bin/oslevel       = unknown
/bin/universe          = unknown

PATH: /usr/local/ssl/bin
PATH: /sbin
PATH: /usr/sbin
PATH: /usr/local/sbin
PATH: /root/bin
PATH: /usr/local/bin
PATH: /usr/bin
PATH: /bin
PATH: /usr/bin/X11
PATH: /usr/games
PATH: /usr/lib/mit/bin
PATH: /usr/lib/mit/sbin


## ----------- ##
## Core tests. ##
## ----------- ##

configure:2677: loading site script /usr/share/site/x86_64-unknown-linux-gnu
| #!/bin/sh
| # Site script for configure. It is resourced via $CONFIG_SITE environment varaible.
| 
| # If user did not specify libdir, guess the correct target:
| # Use lib64 for 64 bit bi-arch targets, keep the default for the rest.
| if test "$libdir" = '${exec_prefix}/lib' ; then
| 
| 	ac_config_site_64bit_host=NONE
| 
| 	case "$host" in
| 	"" )
| 		# User did not specify host target.
| 		# The native platform x86_64 is a bi-arch platform.
| 		# Try to detect cross-compilation to inferior architecture.
| 
| 		# We are trying to guess 32-bit target compilation. It's not as easy as
| 		# it sounds, as there is possible several intermediate combinations.
| 		ac_config_site_cross_to_32bit_host=NONE
| 
| 		# User defined -m32 in CFLAGS or CXXFLAGS or CC or CXX:
| 		# (It's sufficient for 32-bit, but alone may cause mis-behavior of some checks.)
| 		case "$CFLAGS $CXXFLAGS $CC $CXX" in
| 		*-m32*)
| 			ac_config_site_cross_to_32bit_host=YES
| 			;;
| 		esac
| 
| 		# Running with linux32:
| 		# (Changes detected platform, but not the toolchain target.)
| 		case "`/bin/uname -i`" in
| 		x86_64 | ppc64 | s390x )
| 			;;
| 		* )
| 			ac_config_site_cross_to_32bit_host=YES
| 			;;
| 		esac
| 
| 		if test "x$ac_config_site_cross_to_32bit_host" = xNONE; then
| 			ac_config_site_64bit_host=YES
| 		fi
| 
| 		;;
| 	*x86_64* | *ppc64* | *s390x* )
| 		ac_config_site_64bit_host=YES
| 		;;
| 	esac
| 
| 	if test "x$ac_config_site_64bit_host" = xYES; then
| 		libdir='${exec_prefix}/lib64'
| 	fi
| fi
| 
| # If user did not specify libexecdir, set the correct target:
| # Nor FHS nor openSUSE allow prefix/libexec. Let's default to prefix/lib.
| 
| if test "$libexecdir" = '${exec_prefix}/libexec' ; then
| 	libexecdir='${exec_prefix}/lib'
| fi
| 
| # Continue with the standard behavior of configure defined in AC_SITE_LOAD:
| if test "x$prefix" != xNONE; then
| 	ac_site_file1=$prefix/share/config.site
| 	ac_site_file2=$prefix/etc/config.site
| else
| 	ac_site_file1=$ac_default_prefix/share/config.site
| 	ac_site_file2=$ac_default_prefix/etc/config.site
| fi
| for ac_site_file in "$ac_site_file1" "$ac_site_file2"
| do
| 	test "x$ac_site_file" = xNONE && continue
| 	if test /dev/null != "$ac_site_file" && test -r "$ac_site_file"; then
| 		{ $as_echo "/usr/share/site/x86_64-unknown-linux-gnu:${as_lineno-$LINENO}: loading site script $ac_site_file" >&5
| $as_echo "/usr/share/site/x86_64-unknown-linux-gnu: loading site script $ac_site_file" >&6;}
| 		sed 's/^/| /' "$ac_site_file" >&5
| 		. "$ac_site_file" \
| 			|| { { $as_echo "/usr/share/site/x86_64-unknown-linux-gnu:${as_lineno-$LINENO}: error: in \`$ac_pwd':" >&5
| $as_echo "/usr/share/site/x86_64-unknown-linux-gnu: error: in \`$ac_pwd':" >&2;}
| as_fn_error $? "failed to load site script $ac_site_file
| See \`config.log' for more details" "$LINENO" 5; }
| 	fi
| done
configure:2784: checking whether make supports nested variables
configure:2801: result: yes
configure:2817: checking for glib-compile-schemas
configure:2835: found /usr/bin/glib-compile-schemas
configure:2847: result: /usr/bin/glib-compile-schemas
configure:2950: checking for a BSD-compatible install
configure:3018: result: /usr/bin/install -c
configure:3029: checking whether build environment is sane
configure:3084: result: yes
configure:3235: checking for a thread-safe mkdir -p
configure:3274: result: /usr/bin/mkdir -p
configure:3281: checking for gawk
configure:3297: found /usr/bin/gawk
configure:3308: result: gawk
configure:3319: checking whether make sets $(MAKE)
configure:3341: result: yes
configure:3486: checking for gcc
configure:3502: found /usr/bin/gcc
configure:3513: result: gcc
configure:3742: checking for C compiler version
configure:3751: gcc --version >&5
gcc (SUSE Linux) 4.8.5
Copyright (C) 2015 Free Software Foundation, Inc.
This is free software; see the source for copying conditions.  There is NO
warranty; not even for MERCHANTABILITY or FITNESS FOR A PARTICULAR PURPOSE.

configure:3762: $? = 0
configure:3751: gcc -v >&5
Using built-in specs.
COLLECT_GCC=gcc
COLLECT_LTO_WRAPPER=/usr/lib64/gcc/x86_64-suse-linux/4.8/lto-wrapper
Target: x86_64-suse-linux
Configured with: ../configure --prefix=/usr --infodir=/usr/share/info --mandir=/usr/share/man --libdir=/usr/lib64 --libexecdir=/usr/lib64 --enable-languages=c,c++,objc,fortran,obj-c++,java,ada --enable-checking=release --with-gxx-include-dir=/usr/include/c++/4.8 --enable-ssp --disable-libssp --disable-plugin --with-bugurl=http://bugs.opensuse.org/ --with-pkgversion='SUSE Linux' --disable-libgcj --disable-libmudflap --with-slibdir=/lib64 --with-system-zlib --enable-__cxa_atexit --enable-libstdcxx-allocator=new --disable-libstdcxx-pch --enable-version-specific-runtime-libs --enable-linker-build-id --enable-linux-futex --program-suffix=-4.8 --without-system-libunwind --with-arch-32=i586 --with-tune=generic --build=x86_64-suse-linux --host=x86_64-suse-linux
Thread model: posix
gcc version 4.8.5 (SUSE Linux) 
configure:3762: $? = 0
configure:3751: gcc -V >&5
gcc: error: unrecognized command line option '-V'
gcc: fatal error: no input files
compilation terminated.
configure:3762: $? = 1
configure:3751: gcc -qversion >&5
gcc: error: unrecognized command line option '-qversion'
gcc: fatal error: no input files
compilation terminated.
configure:3762: $? = 1
configure:3782: checking whether the C compiler works
configure:3804: gcc    conftest.c  >&5
configure:3808: $? = 0
configure:3856: result: yes
configure:3859: checking for C compiler default output file name
configure:3861: result: a.out
configure:3867: checking for suffix of executables
configure:3874: gcc -o conftest    conftest.c  >&5
configure:3878: $? = 0
configure:3900: result: 
configure:3922: checking whether we are cross compiling
configure:3930: gcc -o conftest    conftest.c  >&5
configure:3934: $? = 0
configure:3941: ./conftest
configure:3945: $? = 0
configure:3960: result: no
configure:3965: checking for suffix of object files
configure:3987: gcc -c   conftest.c >&5
configure:3991: $? = 0
configure:4012: result: o
configure:4016: checking whether we are using the GNU C compiler
configure:4035: gcc -c   conftest.c >&5
configure:4035: $? = 0
configure:4044: result: yes
configure:4053: checking whether gcc accepts -g
configure:4073: gcc -c -g  conftest.c >&5
configure:4073: $? = 0
configure:4114: result: yes
configure:4131: checking for gcc option to accept ISO C89
configure:4194: gcc  -c -g -O2  conftest.c >&5
configure:4194: $? = 0
configure:4207: result: none needed
configure:4238: checking for style of include used by make
configure:4266: result: GNU
configure:4292: checking dependency style of gcc
configure:4403: result: gcc3
configure:4476: checking for g++
configure:4492: found /usr/bin/g++
configure:4503: result: g++
configure:4530: checking for C++ compiler version
configure:4539: g++ --version >&5
g++ (SUSE Linux) 4.8.5
Copyright (C) 2015 Free Software Foundation, Inc.
This is free software; see the source for copying conditions.  There is NO
warranty; not even for MERCHANTABILITY or FITNESS FOR A PARTICULAR PURPOSE.

configure:4550: $? = 0
configure:4539: g++ -v >&5
Using built-in specs.
COLLECT_GCC=g++
COLLECT_LTO_WRAPPER=/usr/lib64/gcc/x86_64-suse-linux/4.8/lto-wrapper
Target: x86_64-suse-linux
Configured with: ../configure --prefix=/usr --infodir=/usr/share/info --mandir=/usr/share/man --libdir=/usr/lib64 --libexecdir=/usr/lib64 --enable-languages=c,c++,objc,fortran,obj-c++,java,ada --enable-checking=release --with-gxx-include-dir=/usr/include/c++/4.8 --enable-ssp --disable-libssp --disable-plugin --with-bugurl=http://bugs.opensuse.org/ --with-pkgversion='SUSE Linux' --disable-libgcj --disable-libmudflap --with-slibdir=/lib64 --with-system-zlib --enable-__cxa_atexit --enable-libstdcxx-allocator=new --disable-libstdcxx-pch --enable-version-specific-runtime-libs --enable-linker-build-id --enable-linux-futex --program-suffix=-4.8 --without-system-libunwind --with-arch-32=i586 --with-tune=generic --build=x86_64-suse-linux --host=x86_64-suse-linux
Thread model: posix
gcc version 4.8.5 (SUSE Linux) 
configure:4550: $? = 0
configure:4539: g++ -V >&5
g++: error: unrecognized command line option '-V'
g++: fatal error: no input files
compilation terminated.
configure:4550: $? = 1
configure:4539: g++ -qversion >&5
g++: error: unrecognized command line option '-qversion'
g++: fatal error: no input files
compilation terminated.
configure:4550: $? = 1
configure:4554: checking whether we are using the GNU C++ compiler
configure:4573: g++ -c   conftest.cpp >&5
configure:4573: $? = 0
configure:4582: result: yes
configure:4591: checking whether g++ accepts -g
configure:4611: g++ -c -g  conftest.cpp >&5
configure:4611: $? = 0
configure:4652: result: yes
configure:4677: checking dependency style of g++
configure:4788: result: gcc3
configure:4805: checking for gcc
configure:4821: found /usr/bin/gcc
configure:4833: result: yes
configure:4842: checking whether gcc and cc understand -c and -o together
configure:4873: gcc -c conftest.c -o conftest2.o >&5
configure:4877: $? = 0
configure:4883: gcc -c conftest.c -o conftest2.o >&5
configure:4887: $? = 0
configure:4898: cc -c conftest.c >&5
configure:4902: $? = 0
configure:4910: cc -c conftest.c -o conftest2.o >&5
configure:4914: $? = 0
configure:4920: cc -c conftest.c -o conftest2.o >&5
configure:4924: $? = 0
configure:4942: result: yes
configure:4998: checking build system type
configure:5012: result: x86_64-unknown-linux-gnu
configure:5032: checking host system type
configure:5045: result: x86_64-unknown-linux-gnu
configure:5086: checking how to print strings
configure:5113: result: printf
configure:5134: checking for a sed that does not truncate output
configure:5198: result: /usr/bin/sed
configure:5216: checking for grep that handles long lines and -e
configure:5274: result: /usr/bin/grep
configure:5279: checking for egrep
configure:5341: result: /usr/bin/grep -E
configure:5346: checking for fgrep
configure:5408: result: /usr/bin/grep -F
configure:5443: checking for ld used by gcc
configure:5510: result: /usr/x86_64-suse-linux/bin/ld
configure:5517: checking if the linker (/usr/x86_64-suse-linux/bin/ld) is GNU ld
configure:5532: result: yes
configure:5544: checking for BSD- or MS-compatible name lister (nm)
configure:5598: result: /usr/bin/nm -B
configure:5728: checking the name lister (/usr/bin/nm -B) interface
configure:5735: gcc -c -g -O2  conftest.c >&5
configure:5738: /usr/bin/nm -B "conftest.o"
configure:5741: output
0000000000000000 B some_variable
configure:5748: result: BSD nm
configure:5751: checking whether ln -s works
configure:5755: result: yes
configure:5763: checking the maximum length of command line arguments
configure:5894: result: 1572864
configure:5942: checking how to convert x86_64-unknown-linux-gnu file names to x86_64-unknown-linux-gnu format
configure:5982: result: func_convert_file_noop
configure:5989: checking how to convert x86_64-unknown-linux-gnu file names to toolchain format
configure:6009: result: func_convert_file_noop
configure:6016: checking for /usr/x86_64-suse-linux/bin/ld option to reload object files
configure:6023: result: -r
configure:6097: checking for objdump
configure:6113: found /usr/bin/objdump
configure:6124: result: objdump
configure:6153: checking how to recognize dependent libraries
configure:6353: result: pass_all
configure:6438: checking for dlltool
configure:6468: result: no
configure:6495: checking how to associate runtime and link libraries
configure:6522: result: printf %s\n
configure:6583: checking for ar
configure:6599: found /usr/bin/ar
configure:6610: result: ar
configure:6647: checking for archiver @FILE support
configure:6664: gcc -c -g -O2  conftest.c >&5
configure:6664: $? = 0
configure:6667: ar cru libconftest.a @conftest.lst >&5
configure:6670: $? = 0
configure:6675: ar cru libconftest.a @conftest.lst >&5
ar: conftest.o: No such file or directory
configure:6678: $? = 1
configure:6690: result: @
configure:6748: checking for strip
configure:6764: found /usr/bin/strip
configure:6775: result: strip
configure:6847: checking for ranlib
configure:6863: found /usr/bin/ranlib
configure:6874: result: ranlib
configure:6976: checking command to parse /usr/bin/nm -B output from gcc object
configure:7129: gcc -c -g -O2  conftest.c >&5
configure:7132: $? = 0
configure:7136: /usr/bin/nm -B conftest.o \| sed -n -e 's/^.*[ ]\([ABCDGIRSTW][ABCDGIRSTW]*\)[ ][ ]*\([_A-Za-z][_A-Za-z0-9]*\)$/\1 \2 \2/p' | sed '/ __gnu_lto/d' \> conftest.nm
configure:7139: $? = 0
configure:7205: gcc -o conftest -g -O2   conftest.c conftstm.o >&5
configure:7208: $? = 0
configure:7246: result: ok
configure:7293: checking for sysroot
configure:7323: result: no
configure:7330: checking for a working dd
configure:7368: result: /usr/bin/dd
configure:7372: checking how to truncate binary pipes
configure:7387: result: /usr/bin/dd bs=4096 count=1
configure:7523: gcc -c -g -O2  conftest.c >&5
configure:7526: $? = 0
configure:7716: checking for mt
configure:7732: found /usr/bin/mt
configure:7743: result: mt
configure:7766: checking if mt is a manifest tool
configure:7772: mt '-?'
configure:7780: result: no
configure:8457: checking how to run the C preprocessor
configure:8488: gcc -E  conftest.c
configure:8488: $? = 0
configure:8502: gcc -E  conftest.c
conftest.c:11:28: fatal error: ac_nonexistent.h: No such file or directory
 #include <ac_nonexistent.h>
                            ^
compilation terminated.
configure:8502: $? = 1
configure: failed program was:
| /* confdefs.h */
| #define PACKAGE_NAME "Roger Router"
| #define PACKAGE_TARNAME "roger-router"
| #define PACKAGE_VERSION "1.9.3"
| #define PACKAGE_STRING "Roger Router 1.9.3"
| #define PACKAGE_BUGREPORT "http://www.tabos.org"
| #define PACKAGE_URL ""
| #define PACKAGE "roger-router"
| #define VERSION "1.9.3"
| /* end confdefs.h.  */
| #include <ac_nonexistent.h>
configure:8527: result: gcc -E
configure:8547: gcc -E  conftest.c
configure:8547: $? = 0
configure:8561: gcc -E  conftest.c
conftest.c:11:28: fatal error: ac_nonexistent.h: No such file or directory
 #include <ac_nonexistent.h>
                            ^
compilation terminated.
configure:8561: $? = 1
configure: failed program was:
| /* confdefs.h */
| #define PACKAGE_NAME "Roger Router"
| #define PACKAGE_TARNAME "roger-router"
| #define PACKAGE_VERSION "1.9.3"
| #define PACKAGE_STRING "Roger Router 1.9.3"
| #define PACKAGE_BUGREPORT "http://www.tabos.org"
| #define PACKAGE_URL ""
| #define PACKAGE "roger-router"
| #define VERSION "1.9.3"
| /* end confdefs.h.  */
| #include <ac_nonexistent.h>
configure:8590: checking for ANSI C header files
configure:8610: gcc -c -g -O2  conftest.c >&5
configure:8610: $? = 0
configure:8683: gcc -o conftest -g -O2   conftest.c  >&5
configure:8683: $? = 0
configure:8683: ./conftest
configure:8683: $? = 0
configure:8694: result: yes
configure:8707: checking for sys/types.h
configure:8707: gcc -c -g -O2  conftest.c >&5
configure:8707: $? = 0
configure:8707: result: yes
configure:8707: checking for sys/stat.h
configure:8707: gcc -c -g -O2  conftest.c >&5
configure:8707: $? = 0
configure:8707: result: yes
configure:8707: checking for stdlib.h
configure:8707: gcc -c -g -O2  conftest.c >&5
configure:8707: $? = 0
configure:8707: result: yes
configure:8707: checking for string.h
configure:8707: gcc -c -g -O2  conftest.c >&5
configure:8707: $? = 0
configure:8707: result: yes
configure:8707: checking for memory.h
configure:8707: gcc -c -g -O2  conftest.c >&5
configure:8707: $? = 0
configure:8707: result: yes
configure:8707: checking for strings.h
configure:8707: gcc -c -g -O2  conftest.c >&5
configure:8707: $? = 0
configure:8707: result: yes
configure:8707: checking for inttypes.h
configure:8707: gcc -c -g -O2  conftest.c >&5
configure:8707: $? = 0
configure:8707: result: yes
configure:8707: checking for stdint.h
configure:8707: gcc -c -g -O2  conftest.c >&5
configure:8707: $? = 0
configure:8707: result: yes
configure:8707: checking for unistd.h
configure:8707: gcc -c -g -O2  conftest.c >&5
configure:8707: $? = 0
configure:8707: result: yes
configure:8721: checking for dlfcn.h
configure:8721: gcc -c -g -O2  conftest.c >&5
configure:8721: $? = 0
configure:8721: result: yes
configure:9286: checking for objdir
configure:9301: result: .libs
configure:9565: checking if gcc supports -fno-rtti -fno-exceptions
configure:9583: gcc -c -g -O2  -fno-rtti -fno-exceptions conftest.c >&5
cc1: warning: command line option '-fno-rtti' is valid for C++/ObjC++ but not for C [enabled by default]
configure:9587: $? = 0
configure:9600: result: no
configure:9958: checking for gcc option to produce PIC
configure:9965: result: -fPIC -DPIC
configure:9973: checking if gcc PIC flag -fPIC -DPIC works
configure:9991: gcc -c -g -O2  -fPIC -DPIC -DPIC conftest.c >&5
configure:9995: $? = 0
configure:10008: result: yes
configure:10037: checking if gcc static flag -static works
configure:10065: result: no
configure:10080: checking if gcc supports -c -o file.o
configure:10101: gcc -c -g -O2  -o out/conftest2.o conftest.c >&5
configure:10105: $? = 0
configure:10127: result: yes
configure:10135: checking if gcc supports -c -o file.o
configure:10182: result: yes
configure:10215: checking whether the gcc linker (/usr/x86_64-suse-linux/bin/ld -m elf_x86_64) supports shared libraries
configure:11474: result: yes
configure:11511: checking whether -lc should be explicitly linked in
configure:11519: gcc -c -g -O2  conftest.c >&5
configure:11522: $? = 0
configure:11537: gcc -shared  -fPIC -DPIC conftest.o  -v -Wl,-soname -Wl,conftest -o conftest 2\>\&1 \| /usr/bin/grep  -lc  \>/dev/null 2\>\&1
configure:11540: $? = 0
configure:11554: result: no
configure:11714: checking dynamic linker characteristics
configure:12295: gcc -o conftest -g -O2   -Wl,-rpath -Wl,/foo conftest.c  >&5
configure:12295: $? = 0
configure:12535: result: GNU/Linux ld.so
configure:12657: checking how to hardcode library paths into programs
configure:12682: result: immediate
configure:13230: checking whether stripping libraries is possible
configure:13235: result: yes
configure:13270: checking if libtool supports shared libraries
configure:13272: result: yes
configure:13275: checking whether to build shared libraries
configure:13300: result: yes
configure:13303: checking whether to build static libraries
configure:13307: result: yes
configure:13330: checking how to run the C++ preprocessor
configure:13357: g++ -E  conftest.cpp
configure:13357: $? = 0
configure:13371: g++ -E  conftest.cpp
conftest.cpp:23:28: fatal error: ac_nonexistent.h: No such file or directory
 #include <ac_nonexistent.h>
                            ^
compilation terminated.
configure:13371: $? = 1
configure: failed program was:
| /* confdefs.h */
| #define PACKAGE_NAME "Roger Router"
| #define PACKAGE_TARNAME "roger-router"
| #define PACKAGE_VERSION "1.9.3"
| #define PACKAGE_STRING "Roger Router 1.9.3"
| #define PACKAGE_BUGREPORT "http://www.tabos.org"
| #define PACKAGE_URL ""
| #define PACKAGE "roger-router"
| #define VERSION "1.9.3"
| #define STDC_HEADERS 1
| #define HAVE_SYS_TYPES_H 1
| #define HAVE_SYS_STAT_H 1
| #define HAVE_STDLIB_H 1
| #define HAVE_STRING_H 1
| #define HAVE_MEMORY_H 1
| #define HAVE_STRINGS_H 1
| #define HAVE_INTTYPES_H 1
| #define HAVE_STDINT_H 1
| #define HAVE_UNISTD_H 1
| #define HAVE_DLFCN_H 1
| #define LT_OBJDIR ".libs/"
| /* end confdefs.h.  */
| #include <ac_nonexistent.h>
configure:13396: result: g++ -E
configure:13416: g++ -E  conftest.cpp
configure:13416: $? = 0
configure:13430: g++ -E  conftest.cpp
conftest.cpp:23:28: fatal error: ac_nonexistent.h: No such file or directory
 #include <ac_nonexistent.h>
                            ^
compilation terminated.
configure:13430: $? = 1
configure: failed program was:
| /* confdefs.h */
| #define PACKAGE_NAME "Roger Router"
| #define PACKAGE_TARNAME "roger-router"
| #define PACKAGE_VERSION "1.9.3"
| #define PACKAGE_STRING "Roger Router 1.9.3"
| #define PACKAGE_BUGREPORT "http://www.tabos.org"
| #define PACKAGE_URL ""
| #define PACKAGE "roger-router"
| #define VERSION "1.9.3"
| #define STDC_HEADERS 1
| #define HAVE_SYS_TYPES_H 1
| #define HAVE_SYS_STAT_H 1
| #define HAVE_STDLIB_H 1
| #define HAVE_STRING_H 1
| #define HAVE_MEMORY_H 1
| #define HAVE_STRINGS_H 1
| #define HAVE_INTTYPES_H 1
| #define HAVE_STDINT_H 1
| #define HAVE_UNISTD_H 1
| #define HAVE_DLFCN_H 1
| #define LT_OBJDIR ".libs/"
| /* end confdefs.h.  */
| #include <ac_nonexistent.h>
configure:13592: checking for ld used by g++
configure:13659: result: /usr/x86_64-suse-linux/bin/ld -m elf_x86_64
configure:13666: checking if the linker (/usr/x86_64-suse-linux/bin/ld -m elf_x86_64) is GNU ld
configure:13681: result: yes
configure:13736: checking whether the g++ linker (/usr/x86_64-suse-linux/bin/ld -m elf_x86_64) supports shared libraries
configure:14809: result: yes
configure:14845: g++ -c -g -O2  conftest.cpp >&5
configure:14848: $? = 0
configure:15329: checking for g++ option to produce PIC
configure:15336: result: -fPIC -DPIC
configure:15344: checking if g++ PIC flag -fPIC -DPIC works
configure:15362: g++ -c -g -O2  -fPIC -DPIC -DPIC conftest.cpp >&5
configure:15366: $? = 0
configure:15379: result: yes
configure:15402: checking if g++ static flag -static works
configure:15430: result: no
configure:15442: checking if g++ supports -c -o file.o
configure:15463: g++ -c -g -O2  -o out/conftest2.o conftest.cpp >&5
configure:15467: $? = 0
configure:15489: result: yes
configure:15494: checking if g++ supports -c -o file.o
configure:15541: result: yes
configure:15571: checking whether the g++ linker (/usr/x86_64-suse-linux/bin/ld -m elf_x86_64) supports shared libraries
configure:15611: result: yes
configure:15752: checking dynamic linker characteristics
configure:16500: result: GNU/Linux ld.so
configure:16565: checking how to hardcode library paths into programs
configure:16590: result: immediate
configure:16720: checking for pkg-config
configure:16738: found /usr/bin/pkg-config
configure:16750: result: /usr/bin/pkg-config
configure:16775: checking pkg-config is at least version 0.16
configure:16778: result: yes
configure:16907: checking size of long
configure:16912: gcc -o conftest -g -O2   conftest.c  >&5
configure:16912: $? = 0
configure:16912: ./conftest
configure:16912: $? = 0
configure:16926: result: 8
configure:16950: checking for pow in -lm
configure:16975: gcc -o conftest -g -O2   conftest.c -lm   >&5
conftest.c:33:6: warning: conflicting types for built-in function 'pow' [enabled by default]
 char pow ();
      ^
configure:16975: $? = 0
configure:16984: result: yes
configure:16995: checking for g_thread_init in -lgthread-2.0
configure:17020: gcc -o conftest -g -O2   conftest.c -lgthread-2.0  -lm  >&5
configure:17020: $? = 0
configure:17029: result: yes
configure:17042: checking for msgmerge
configure:17060: found /usr/bin/msgmerge
configure:17073: result: /usr/bin/msgmerge
configure:17083: checking for xgettext
configure:17101: found /usr/bin/xgettext
configure:17114: result: /usr/bin/xgettext
configure:17131: checking whether NLS is requested
configure:17140: result: yes
configure:17158: checking for intltool >= 0.40.0
configure:17160: result: 0.51.0 found
configure:17168: checking for intltool-update
configure:17186: found /usr/bin/intltool-update
configure:17198: result: /usr/bin/intltool-update
configure:17208: checking for intltool-merge
configure:17226: found /usr/bin/intltool-merge
configure:17238: result: /usr/bin/intltool-merge
configure:17248: checking for intltool-extract
configure:17266: found /usr/bin/intltool-extract
configure:17278: result: /usr/bin/intltool-extract
configure:17432: checking for xgettext
configure:17450: found /usr/bin/xgettext
configure:17462: result: /usr/bin/xgettext
configure:17472: checking for msgmerge
configure:17490: found /usr/bin/msgmerge
configure:17502: result: /usr/bin/msgmerge
configure:17512: checking for msgfmt
configure:17530: found /usr/bin/msgfmt
configure:17542: result: /usr/bin/msgfmt
configure:17552: checking for gmsgfmt
configure:17583: result: /usr/bin/msgfmt
configure:17603: checking for perl
configure:17621: found /usr/bin/perl
configure:17633: result: /usr/bin/perl
configure:17644: checking for perl >= 5.8.1
configure:17651: result: 5.18.2
configure:17655: checking for XML::Parser
configure:17658: result: ok
configure:17676: checking locale.h usability
configure:17676: gcc -c -g -O2  conftest.c >&5
configure:17676: $? = 0
configure:17676: result: yes
configure:17676: checking locale.h presence
configure:17676: gcc -E  conftest.c
configure:17676: $? = 0
configure:17676: result: yes
configure:17676: checking for locale.h
configure:17676: result: yes
configure:17687: checking for LC_MESSAGES
configure:17703: gcc -o conftest -g -O2   conftest.c -lgthread-2.0 -lm  >&5
configure:17703: $? = 0
configure:17711: result: yes
configure:17728: checking libintl.h usability
configure:17728: gcc -c -g -O2  conftest.c >&5
configure:17728: $? = 0
configure:17728: result: yes
configure:17728: checking libintl.h presence
configure:17728: gcc -E  conftest.c
configure:17728: $? = 0
configure:17728: result: yes
configure:17728: checking for libintl.h
configure:17728: result: yes
configure:17736: checking for ngettext in libc
configure:17754: gcc -o conftest -g -O2   conftest.c -lgthread-2.0 -lm  >&5
configure:17754: $? = 0
configure:17763: result: yes
configure:17767: checking for dgettext in libc
configure:17785: gcc -o conftest -g -O2   conftest.c -lgthread-2.0 -lm  >&5
configure:17785: $? = 0
configure:17794: result: yes
configure:17801: checking for bind_textdomain_codeset
configure:17801: gcc -o conftest -g -O2   conftest.c -lgthread-2.0 -lm  >&5
configure:17801: $? = 0
configure:17801: result: yes
configure:18077: checking for msgfmt
configure:18104: result: /usr/bin/msgfmt
configure:18115: checking for dcgettext
configure:18115: gcc -o conftest -g -O2   conftest.c -lgthread-2.0 -lm   >&5
conftest.c:56:6: warning: conflicting types for built-in function 'dcgettext' [enabled by default]
 char dcgettext ();
      ^
configure:18115: $? = 0
configure:18115: result: yes
configure:18125: checking if msgfmt accepts -c
configure:18140: $MSGFMT -c -o /dev/null conftest.foo
conftest.foo:3: warning: header field 'Language' missing in header
configure:18143: $? = 0
configure:18145: result: yes
configure:18155: checking for gmsgfmt
configure:18186: result: /usr/bin/msgfmt
configure:18196: checking for xgettext
configure:18223: result: /usr/bin/xgettext
configure:18242: gcc -o conftest -g -O2   conftest.c -lgthread-2.0 -lm   >&5
configure:18242: $? = 0
configure:18382: checking if cross-building for win32
configure:18505: result: no
configure:18526: checking for EXTRA
configure:18533: $PKG_CONFIG --exists --print-errors "glib-2.0 >= 2.40 gio-2.0 >= 2.40 speex >= 1.0 speexdsp >= 1.0 sndfile >= 1.0.0 libxml-2.0 gupnp-1.0 gssdp-1.0 json-glib-1.0"
configure:18536: $? = 0
configure:18550: $PKG_CONFIG --exists --print-errors "glib-2.0 >= 2.40 gio-2.0 >= 2.40 speex >= 1.0 speexdsp >= 1.0 sndfile >= 1.0.0 libxml-2.0 gupnp-1.0 gssdp-1.0 json-glib-1.0"
configure:18553: $? = 0
configure:18611: result: yes
configure:18619: checking for GTK
configure:18626: $PKG_CONFIG --exists --print-errors "gtk+-3.0 >= $GTK_REQUIRED"
configure:18629: $? = 0
configure:18643: $PKG_CONFIG --exists --print-errors "gtk+-3.0 >= $GTK_REQUIRED"
configure:18646: $? = 0
configure:18704: result: yes
configure:18711: checking for GMODULE
configure:18718: $PKG_CONFIG --exists --print-errors "gmodule-2.0"
configure:18721: $? = 0
configure:18735: $PKG_CONFIG --exists --print-errors "gmodule-2.0"
configure:18738: $? = 0
configure:18796: result: yes
configure:18803: checking for SOUP
configure:18810: $PKG_CONFIG --exists --print-errors "libsoup-2.4"
configure:18813: $? = 0
configure:18827: $PKG_CONFIG --exists --print-errors "libsoup-2.4"
configure:18830: $? = 0
configure:18888: result: yes
configure:18895: checking for PEAS
configure:18902: $PKG_CONFIG --exists --print-errors "libpeas-1.0"
configure:18905: $? = 0
configure:18919: $PKG_CONFIG --exists --print-errors "libpeas-1.0"
configure:18922: $? = 0
configure:18980: result: yes
configure:18986: checking for PEAS_GTK
configure:18993: $PKG_CONFIG --exists --print-errors "libpeas-gtk-1.0"
configure:18996: $? = 0
configure:19010: $PKG_CONFIG --exists --print-errors "libpeas-gtk-1.0"
configure:19013: $? = 0
configure:19071: result: yes
configure:19078: checking tiffio.h usability
configure:19078: gcc -c -g -O2  conftest.c >&5
configure:19078: $? = 0
configure:19078: result: yes
configure:19078: checking tiffio.h presence
configure:19078: gcc -E  conftest.c
configure:19078: $? = 0
configure:19078: result: yes
configure:19078: checking for tiffio.h
configure:19078: result: yes
configure:19088: checking for TIFFOpen in -ltiff
configure:19113: gcc -o conftest -g -O2   conftest.c -ltiff -lm -lgthread-2.0 -lm  >&5
configure:19113: $? = 0
configure:19122: result: yes
configure:19138: checking sys/utsname.h usability
configure:19138: gcc -c -g -O2  conftest.c >&5
configure:19138: $? = 0
configure:19138: result: yes
configure:19138: checking sys/utsname.h presence
configure:19138: gcc -E  conftest.c
configure:19138: $? = 0
configure:19138: result: yes
configure:19138: checking for sys/utsname.h
configure:19138: result: yes
configure:19246: checking for fax spooler type
configure:19253: result: Outgoing faxes are expected in spooler directory /var/spool/roger
configure:19268: checking for statusicon support
configure:19275: result: no
configure:19289: checking for unistd.h
configure:19289: result: yes
configure:19303: checking for sigaction
configure:19303: gcc -o conftest -g -O2   conftest.c -ltiff -lgthread-2.0 -lm  >&5
configure:19303: $? = 0
configure:19303: result: yes
configure:19315: checking for sigset()
configure:19332: gcc -c -g -O2  conftest.c >&5
configure:19332: $? = 0
configure:19340: result: yes
configure:19357: checking for libnotify
configure:19384: result: no
configure:19405: checking for libsecret-1 >= 0.11
configure:19429: result: yes
configure:19457: checking for MacOS-keyring
configure:19461: checking for SecKeychainGetVersion
configure:19479: gcc -o conftest -g -O2   conftest.c -ltiff -lgthread-2.0 -lm  -Wl,-framework -Wl,Security >&5
conftest.c:41:31: fatal error: Security/Security.h: No such file or directory
 #include <Security/Security.h>
                               ^
compilation terminated.
configure:19479: $? = 1
configure: failed program was:
| /* confdefs.h */
| #define PACKAGE_NAME "Roger Router"
| #define PACKAGE_TARNAME "roger-router"
| #define PACKAGE_VERSION "1.9.3"
| #define PACKAGE_STRING "Roger Router 1.9.3"
| #define PACKAGE_BUGREPORT "http://www.tabos.org"
| #define PACKAGE_URL ""
| #define PACKAGE "roger-router"
| #define VERSION "1.9.3"
| #define STDC_HEADERS 1
| #define HAVE_SYS_TYPES_H 1
| #define HAVE_SYS_STAT_H 1
| #define HAVE_STDLIB_H 1
| #define HAVE_STRING_H 1
| #define HAVE_MEMORY_H 1
| #define HAVE_STRINGS_H 1
| #define HAVE_INTTYPES_H 1
| #define HAVE_STDINT_H 1
| #define HAVE_UNISTD_H 1
| #define HAVE_DLFCN_H 1
| #define LT_OBJDIR ".libs/"
| #define GDK_VERSION_MIN_REQUIRED GDK_VERSION_3_8
| #define GDK_VERSION_MAX_ALLOWED GDK_VERSION_3_10
| #define SIZEOF_LONG 8
| #define HAVE_LIBM 1
| #define HAVE_LIBGTHREAD_2_0 1
| #define GETTEXT_PACKAGE "roger"
| #define HAVE_LOCALE_H 1
| #define HAVE_LC_MESSAGES 1
| #define HAVE_BIND_TEXTDOMAIN_CODESET 1
| #define HAVE_GETTEXT 1
| #define HAVE_DCGETTEXT 1
| #define ENABLE_NLS 1
| #define HAVE_TIFFIO_H 1
| #define HAVE_LIBTIFF 1
| #define HAVE_SYS_UTSNAME_H 1
| #define USE_PRINTER_SPOOLER 1
| #define HAVE_UNISTD_H 1
| #define HAVE_SIGACTION 1
| /* end confdefs.h.  */
| #include <Security/Security.h>
| int
| main ()
| {
| SecKeychainGetVersion(NULL);
|   ;
|   return 0;
| }
configure:19488: result: no
configure:19505: result: no
configure:19535: checking for kwallet
configure:19548: result: no
configure:19569: checking for kwallet5
configure:19582: result: no
configure:19603: checking for libgdata
configure:19627: result: no
configure:19647: checking for libebook-1.2 >= 3.10.0
configure:19671: result: no
configure:19691: checking for gstreamer-1.4 and gstreamer-app-1.4
configure:19718: result: no
configure:19739: checking for libpulse-simple
configure:19766: result: no
configure:19787: checking for portaudio-2.0 version 19
configure:19814: result: no
configure:19827: checking for faxophone
configure:19837: result: yes
configure:19849: checking for CAPI
configure:19856: $PKG_CONFIG --exists --print-errors "capi20 >= 3.6"
configure:19859: $? = 0
configure:19873: $PKG_CONFIG --exists --print-errors "capi20 >= 3.6"
configure:19876: $? = 0
configure:20094: result: yes
configure:20110: checking for spandsp
configure:20126: result: yes
configure:20202: checking for appindicator3-0.1
configure:20229: result: no
configure:20250: checking for gnotification
configure:20273: result: yes
configure:20407: checking that generated files are newer than configure
configure:20413: result: done
configure:20516: creating ./config.status

## ---------------------- ##
## Running config.status. ##
## ---------------------- ##

This file was extended by Roger Router config.status 1.9.3, which was
generated by GNU Autoconf 2.69.  Invocation command line was

  CONFIG_FILES    = 
  CONFIG_HEADERS  = 
  CONFIG_LINKS    = 
  CONFIG_COMMANDS = 
  $ ./config.status 

on linux1

config.status:1429: creating Makefile
config.status:1429: creating win32/roger.nsi
config.status:1429: creating doc/Makefile
config.status:1429: creating doc/roger.1
config.status:1429: creating doc/roger_cli.1
config.status:1429: creating po/Makefile.in
config.status:1429: creating libroutermanager/routermanager.pc
config.status:1429: creating libroutermanager/Makefile
config.status:1429: creating libroutermanager/data/Makefile
config.status:1429: creating libroutermanager/plugins/Makefile
config.status:1429: creating libroutermanager/plugins/fritzbox/Makefile
config.status:1429: creating libroutermanager/plugins/callmonitor/Makefile
config.status:1429: creating libroutermanager/plugins/areacodes_global/Makefile
config.status:1429: creating libroutermanager/plugins/pulseaudio/Makefile
config.status:1429: creating libroutermanager/plugins/reverselookup/Makefile
config.status:1429: creating libroutermanager/plugins/wincred/Makefile
config.status:1429: creating libroutermanager/plugins/portaudio/Makefile
config.status:1429: creating libroutermanager/plugins/gstreamer1/Makefile
config.status:1429: creating libroutermanager/plugins/secret/Makefile
config.status:1429: creating libroutermanager/plugins/simple_pwd/Makefile
config.status:1429: creating roger/Makefile
config.status:1429: creating roger/roger_winres.rc
config.status:1429: creating roger/data/Makefile
config.status:1429: creating roger-cli/Makefile
config.status:1429: creating roger/plugins/Makefile
config.status:1429: creating roger/plugins/statusicon/Makefile
config.status:1429: creating roger/plugins/fritzfon/Makefile
config.status:1429: creating roger/plugins/evolution/Makefile
config.status:1429: creating roger/plugins/gtknotify/Makefile
config.status:1429: creating roger/plugins/indicator/Makefile
config.status:1429: creating roger/plugins/vcard/Makefile
config.status:1429: creating roger/plugins/google/Makefile
config.status:1429: creating roger/plugins/thunderbird/Makefile
config.status:1429: creating roger/plugins/kwallet/Makefile
config.status:1429: creating roger/plugins/keychain/Makefile
config.status:1429: creating roger/plugins/osxab/Makefile
config.status:1429: creating roger/plugins/notification/Makefile
config.status:1429: creating roger/plugins/gnotification/Makefile
config.status:1429: creating roger/plugins/webjournal/Makefile
config.status:1429: creating roger/images/Makefile
config.status:1429: creating roger/images/16x16/Makefile
config.status:1429: creating roger/images/22x22/Makefile
config.status:1429: creating roger/images/24x24/Makefile
config.status:1429: creating roger/images/32x32/Makefile
config.status:1429: creating roger/images/48x48/Makefile
config.status:1429: creating roger/images/scalable/Makefile
config.status:1429: creating macosx/roger.plist
config.status:1429: creating macosx/package
config.status:1429: creating config.h
config.status:1610: config.h is unchanged
config.status:1658: executing depfiles commands
config.status:1658: executing libtool commands
config.status:1658: executing default-1 commands
config.status:1658: executing po/stamp-it commands

## ---------------- ##
## Cache variables. ##
## ---------------- ##

ac_cv_build=x86_64-unknown-linux-gnu
ac_cv_c_compiler_gnu=yes
ac_cv_cxx_compiler_gnu=yes
ac_cv_env_CAPI_CFLAGS_set=
ac_cv_env_CAPI_CFLAGS_value=
ac_cv_env_CAPI_LIBS_set=
ac_cv_env_CAPI_LIBS_value=
ac_cv_env_CCC_set=
ac_cv_env_CCC_value=
ac_cv_env_CC_set=
ac_cv_env_CC_value=
ac_cv_env_CFLAGS_set=
ac_cv_env_CFLAGS_value=
ac_cv_env_CPPFLAGS_set=
ac_cv_env_CPPFLAGS_value=
ac_cv_env_CPP_set=
ac_cv_env_CPP_value=
ac_cv_env_CXXCPP_set=
ac_cv_env_CXXCPP_value=
ac_cv_env_CXXFLAGS_set=
ac_cv_env_CXXFLAGS_value=
ac_cv_env_CXX_set=
ac_cv_env_CXX_value=
ac_cv_env_EXTRA_CFLAGS_set=
ac_cv_env_EXTRA_CFLAGS_value=
ac_cv_env_EXTRA_LIBS_set=
ac_cv_env_EXTRA_LIBS_value=
ac_cv_env_FAX_SPOOLER_CFLAGS_set=
ac_cv_env_FAX_SPOOLER_CFLAGS_value=
ac_cv_env_FAX_SPOOLER_LIBS_set=
ac_cv_env_FAX_SPOOLER_LIBS_value=
ac_cv_env_GMODULE_CFLAGS_set=
ac_cv_env_GMODULE_CFLAGS_value=
ac_cv_env_GMODULE_LIBS_set=
ac_cv_env_GMODULE_LIBS_value=
ac_cv_env_GTK_CFLAGS_set=
ac_cv_env_GTK_CFLAGS_value=
ac_cv_env_GTK_LIBS_set=
ac_cv_env_GTK_LIBS_value=
ac_cv_env_LDFLAGS_set=
ac_cv_env_LDFLAGS_value=
ac_cv_env_LIBS_set=
ac_cv_env_LIBS_value=
ac_cv_env_LT_SYS_LIBRARY_PATH_set=
ac_cv_env_LT_SYS_LIBRARY_PATH_value=
ac_cv_env_PEAS_CFLAGS_set=
ac_cv_env_PEAS_CFLAGS_value=
ac_cv_env_PEAS_GTK_CFLAGS_set=
ac_cv_env_PEAS_GTK_CFLAGS_value=
ac_cv_env_PEAS_GTK_LIBS_set=
ac_cv_env_PEAS_GTK_LIBS_value=
ac_cv_env_PEAS_LIBS_set=
ac_cv_env_PEAS_LIBS_value=
ac_cv_env_PKG_CONFIG_LIBDIR_set=
ac_cv_env_PKG_CONFIG_LIBDIR_value=
ac_cv_env_PKG_CONFIG_PATH_set=
ac_cv_env_PKG_CONFIG_PATH_value=
ac_cv_env_PKG_CONFIG_set=
ac_cv_env_PKG_CONFIG_value=
ac_cv_env_SOUP_CFLAGS_set=
ac_cv_env_SOUP_CFLAGS_value=
ac_cv_env_SOUP_LIBS_set=
ac_cv_env_SOUP_LIBS_value=
ac_cv_env_build_alias_set=
ac_cv_env_build_alias_value=
ac_cv_env_host_alias_set=
ac_cv_env_host_alias_value=
ac_cv_env_target_alias_set=
ac_cv_env_target_alias_value=
ac_cv_func_SecKeychainGetVersion=no
ac_cv_func_bind_textdomain_codeset=yes
ac_cv_func_dcgettext=yes
ac_cv_func_sigaction=yes
ac_cv_header_dlfcn_h=yes
ac_cv_header_inttypes_h=yes
ac_cv_header_libintl_h=yes
ac_cv_header_locale_h=yes
ac_cv_header_memory_h=yes
ac_cv_header_stdc=yes
ac_cv_header_stdint_h=yes
ac_cv_header_stdlib_h=yes
ac_cv_header_string_h=yes
ac_cv_header_strings_h=yes
ac_cv_header_sys_stat_h=yes
ac_cv_header_sys_types_h=yes
ac_cv_header_sys_utsname_h=yes
ac_cv_header_tiffio_h=yes
ac_cv_header_unistd_h=yes
ac_cv_host=x86_64-unknown-linux-gnu
ac_cv_lib_gthread_2_0_g_thread_init=yes
ac_cv_lib_m_pow=yes
ac_cv_lib_tiff_TIFFOpen=yes
ac_cv_objext=o
ac_cv_path_EGREP='/usr/bin/grep -E'
ac_cv_path_FGREP='/usr/bin/grep -F'
ac_cv_path_GMSGFMT=/usr/bin/msgfmt
ac_cv_path_GREP=/usr/bin/grep
ac_cv_path_INTLTOOL_EXTRACT=/usr/bin/intltool-extract
ac_cv_path_INTLTOOL_MERGE=/usr/bin/intltool-merge
ac_cv_path_INTLTOOL_MSGMERGE=/usr/bin/msgmerge
ac_cv_path_INTLTOOL_PERL=/usr/bin/perl
ac_cv_path_INTLTOOL_UPDATE=/usr/bin/intltool-update
ac_cv_path_INTLTOOL_XGETTEXT=/usr/bin/xgettext
ac_cv_path_MSGFMT=/usr/bin/msgfmt
ac_cv_path_MSGMERGE=/usr/bin/msgmerge
ac_cv_path_SED=/usr/bin/sed
ac_cv_path_XGETTEXT=/usr/bin/xgettext
ac_cv_path_ac_prefix_program=/usr/bin/glib-compile-schemas
ac_cv_path_ac_pt_PKG_CONFIG=/usr/bin/pkg-config
ac_cv_path_install='/usr/bin/install -c'
ac_cv_path_lt_DD=/usr/bin/dd
ac_cv_path_mkdir=/usr/bin/mkdir
ac_cv_prog_AWK=gawk
ac_cv_prog_CPP='gcc -E'
ac_cv_prog_CXXCPP='g++ -E'
ac_cv_prog_ac_ct_AR=ar
ac_cv_prog_ac_ct_CC=gcc
ac_cv_prog_ac_ct_CXX=g++
ac_cv_prog_ac_ct_MANIFEST_TOOL=mt
ac_cv_prog_ac_ct_OBJDUMP=objdump
ac_cv_prog_ac_ct_RANLIB=ranlib
ac_cv_prog_ac_ct_STRIP=strip
ac_cv_prog_cc_c89=
ac_cv_prog_cc_g=yes
ac_cv_prog_cc_gcc_c_o=yes
ac_cv_prog_cxx_g=yes
ac_cv_prog_found_cc=yes
ac_cv_prog_make_make_set=yes
ac_cv_sigset=yes
ac_cv_sizeof_long=8
am_cv_CC_dependencies_compiler_type=gcc3
am_cv_CXX_dependencies_compiler_type=gcc3
am_cv_make_support_nested_variables=yes
am_cv_val_LC_MESSAGES=yes
gt_cv_func_dgettext_libc=yes
gt_cv_func_dgettext_libintl=no
gt_cv_func_ngettext_libc=yes
gt_cv_have_gettext=yes
lt_cv_ar_at_file=@
lt_cv_archive_cmds_need_lc=no
lt_cv_deplibs_check_method=pass_all
lt_cv_file_magic_cmd='$MAGIC_CMD'
lt_cv_file_magic_test_file=
lt_cv_ld_reload_flag=-r
lt_cv_nm_interface='BSD nm'
lt_cv_objdir=.libs
lt_cv_path_LD=/usr/x86_64-suse-linux/bin/ld
lt_cv_path_LDCXX='/usr/x86_64-suse-linux/bin/ld -m elf_x86_64'
lt_cv_path_NM='/usr/bin/nm -B'
lt_cv_path_mainfest_tool=no
lt_cv_prog_compiler_c_o=yes
lt_cv_prog_compiler_c_o_CXX=yes
lt_cv_prog_compiler_pic='-fPIC -DPIC'
lt_cv_prog_compiler_pic_CXX='-fPIC -DPIC'
lt_cv_prog_compiler_pic_works=yes
lt_cv_prog_compiler_pic_works_CXX=yes
lt_cv_prog_compiler_rtti_exceptions=no
lt_cv_prog_compiler_static_works=no
lt_cv_prog_compiler_static_works_CXX=no
lt_cv_prog_gnu_ld=yes
lt_cv_prog_gnu_ldcxx=yes
lt_cv_sharedlib_from_linklib_cmd='printf %s\n'
lt_cv_shlibpath_overrides_runpath=yes
lt_cv_sys_global_symbol_pipe='sed -n -e '\''s/^.*[	 ]\([ABCDGIRSTW][ABCDGIRSTW]*\)[	 ][	 ]*\([_A-Za-z][_A-Za-z0-9]*\)$/\1 \2 \2/p'\'' | sed '\''/ __gnu_lto/d'\'''
lt_cv_sys_global_symbol_to_c_name_address='sed -n -e '\''s/^: \(.*\) .*$/  {"\1", (void *) 0},/p'\'' -e '\''s/^[ABCDGIRSTW][ABCDGIRSTW]* .* \(.*\)$/  {"\1", (void *) \&\1},/p'\'''
lt_cv_sys_global_symbol_to_c_name_address_lib_prefix='sed -n -e '\''s/^: \(.*\) .*$/  {"\1", (void *) 0},/p'\'' -e '\''s/^[ABCDGIRSTW][ABCDGIRSTW]* .* \(lib.*\)$/  {"\1", (void *) \&\1},/p'\'' -e '\''s/^[ABCDGIRSTW][ABCDGIRSTW]* .* \(.*\)$/  {"lib\1", (void *) \&\1},/p'\'''
lt_cv_sys_global_symbol_to_cdecl='sed -n -e '\''s/^T .* \(.*\)$/extern int \1();/p'\'' -e '\''s/^[ABCDGIRSTW][ABCDGIRSTW]* .* \(.*\)$/extern char \1;/p'\'''
lt_cv_sys_global_symbol_to_import=
lt_cv_sys_max_cmd_len=1572864
lt_cv_to_host_file_cmd=func_convert_file_noop
lt_cv_to_tool_file_cmd=func_convert_file_noop
lt_cv_truncate_bin='/usr/bin/dd bs=4096 count=1'
pkg_cv_CAPI_CFLAGS='-I/usr/include/ '
pkg_cv_CAPI_LIBS='-lcapi20 '
pkg_cv_EXTRA_CFLAGS='-pthread -I/usr/local/include/libsoup-2.4 -I/usr/include/gupnp-1.0 -I/usr/include/libxml2 -I/usr/include/uuid -I/usr/include/gssdp-1.0 -I/usr/include/json-glib-1.0 -I/usr/include/glib-2.0 -I/usr/lib64/glib-2.0/include '
pkg_cv_EXTRA_LIBS='-lspeex -lspeexdsp -lsndfile -lxml2 -lgupnp-1.0 -lgssdp-1.0 -ljson-glib-1.0 -lgio-2.0 -lgobject-2.0 -lglib-2.0 '
pkg_cv_GMODULE_CFLAGS='-pthread -I/usr/include/glib-2.0 -I/usr/lib64/glib-2.0/include '
pkg_cv_GMODULE_LIBS='-Wl,--export-dynamic -lgmodule-2.0 -pthread -lglib-2.0 '
pkg_cv_GTK_CFLAGS='-pthread -I/usr/include/gtk-3.0 -I/usr/include/at-spi2-atk/2.0 -I/usr/include/at-spi-2.0 -I/usr/include/dbus-1.0 -I/usr/lib64/dbus-1.0/include -I/usr/include/gtk-3.0 -I/usr/include/gio-unix-2.0/ -I/usr/include/cairo -I/usr/include/pango-1.0 -I/usr/include/harfbuzz -I/usr/include/pango-1.0 -I/usr/include/atk-1.0 -I/usr/include/cairo -I/usr/include/pixman-1 -I/usr/include/freetype2 -I/usr/include/libdrm -I/usr/include/libpng12 -I/usr/include/gdk-pixbuf-2.0 -I/usr/include/libpng16 -I/usr/include/glib-2.0 -I/usr/lib64/glib-2.0/include '
pkg_cv_GTK_LIBS='-lgtk-3 -lgdk-3 -lpangocairo-1.0 -lpango-1.0 -latk-1.0 -lcairo-gobject -lcairo -lgdk_pixbuf-2.0 -lgio-2.0 -lgobject-2.0 -lglib-2.0 '
pkg_cv_PEAS_CFLAGS='-pthread -I/usr/include/libpeas-1.0 -I/usr/include/gobject-introspection-1.0 -I/usr/include/glib-2.0 -I/usr/lib64/glib-2.0/include '
pkg_cv_PEAS_GTK_CFLAGS='-pthread -I/usr/include/libpeas-1.0 -I/usr/include/gtk-3.0 -I/usr/include/at-spi2-atk/2.0 -I/usr/include/at-spi-2.0 -I/usr/include/dbus-1.0 -I/usr/lib64/dbus-1.0/include -I/usr/include/gtk-3.0 -I/usr/include/gio-unix-2.0/ -I/usr/include/cairo -I/usr/include/pango-1.0 -I/usr/include/harfbuzz -I/usr/include/pango-1.0 -I/usr/include/atk-1.0 -I/usr/include/cairo -I/usr/include/pixman-1 -I/usr/include/freetype2 -I/usr/include/libdrm -I/usr/include/libpng12 -I/usr/include/gdk-pixbuf-2.0 -I/usr/include/libpng16 -I/usr/include/libpeas-1.0 -I/usr/include/gobject-introspection-1.0 -I/usr/include/glib-2.0 -I/usr/lib64/glib-2.0/include '
pkg_cv_PEAS_GTK_LIBS='-lpeas-gtk-1.0 -lgtk-3 -lgdk-3 -lpangocairo-1.0 -lpango-1.0 -latk-1.0 -lcairo-gobject -lcairo -lgdk_pixbuf-2.0 -lpeas-1.0 -Wl,--export-dynamic -lgmodule-2.0 -pthread -lgio-2.0 -lgirepository-1.0 -lgobject-2.0 -lglib-2.0 '
pkg_cv_PEAS_LIBS='-lpeas-1.0 -Wl,--export-dynamic -lgmodule-2.0 -pthread -lgio-2.0 -lgirepository-1.0 -lgobject-2.0 -lglib-2.0 '
pkg_cv_SOUP_CFLAGS='-pthread -I/usr/local/include/libsoup-2.4 -I/usr/include/libxml2 -I/usr/include/glib-2.0 -I/usr/lib64/glib-2.0/include '
pkg_cv_SOUP_LIBS='-L/usr/local/lib64 -lsoup-2.4 -lgio-2.0 -lgobject-2.0 -lglib-2.0 '

## ----------------- ##
## Output variables. ##
## ----------------- ##










		$(INSTALL_DATA) $^ "$(DESTDIR)$(gsettingsschemadir)"; \
		test -n "$(GSETTINGS_DISABLE_SCHEMAS_COMPILE)$(DESTDIR)" || $(GLIB_COMPILE_SCHEMAS) $(gsettingsschemadir); \
		test -z "$(gsettingsschemadir)" || $(MKDIR_P) "$(DESTDIR)$(gsettingsschemadir)"; \
	$(AM_V_GEN) $(GLIB_COMPILE_SCHEMAS) --strict --dry-run $(addprefix --schema-file=,$(gsettings__enum_file)) --schema-file=$< && mkdir -p $(@D) && touch $@
	$(AM_V_GEN) glib-mkenums --comments '\''<!-- @comment@ -->'\'' --fhead "<schemalist>" --vhead "  <@type@ id='\''$(gsettings_ENUM_NAMESPACE).@EnumName@'\''>" --vprod "    <value nick='\''@valuenick@'\'' value='\''@valuenum@'\''/>" --vtail "  </@type@>" --ftail "</schemalist>" $^ > $@.tmp && mv $@.tmp $@
	@$(NORMAL_INSTALL)
	@$(NORMAL_UNINSTALL)
	@list='\''$(gsettings_SCHEMAS) $(gsettings__enum_file)'\''; test -n "$(gsettingsschemadir)" || list=; \
	cd "$(DESTDIR)$(gsettingsschemadir)" && rm -f $$files
	echo " ( cd '\''$(DESTDIR)$(gsettingsschemadir)'\'' && rm -f" $$files ")"; \
	fi
	files=`for p in $$list; do echo $$p; done | sed -e '\''s|^.*/||'\''`; \
	if test -n "$^"; then \
	rm -f $(gsettings_SCHEMAS:.xml=.valid) $(gsettings__enum_file)
	test -n "$$files" || exit 0; \
	test -n "$(GSETTINGS_DISABLE_SCHEMAS_COMPILE)$(DESTDIR)" || $(GLIB_COMPILE_SCHEMAS) $(gsettingsschemadir)
$(gsettings__enum_file): $(gsettings_ENUM_FILES)
%.gschema.valid: %.gschema.xml $(gsettings__enum_file)
.PHONY : uninstall-gsettings-schemas install-gsettings-schemas clean-gsettings-schemas
.SECONDARY: $(gsettings_SCHEMAS)
ACLOCAL='${SHELL} /root/rogerj/wand/missing aclocal-1.13'
ALL_LINGUAS=''
AMDEPBACKSLASH='\'
AMDEP_FALSE='#'
AMDEP_TRUE=''
AMTAR='$${TAR-tar}'
AM_BACKSLASH='\'
AM_DEFAULT_V='$(AM_DEFAULT_VERBOSITY)'
AM_DEFAULT_VERBOSITY='0'
AM_V='$(V)'
APPINDICATOR_CFLAGS=''
APPINDICATOR_LIBS=''
AR='ar'
AS='as'
AUTOCONF='${SHELL} /root/rogerj/wand/missing autoconf'
AUTOHEADER='${SHELL} /root/rogerj/wand/missing autoheader'
AUTOMAKE='${SHELL} /root/rogerj/wand/missing automake-1.13'
AWK='gawk'
CAPI_CFLAGS='-I/usr/include/ '
CAPI_LIBS='-lcapi20 '
CATALOGS=''
CATOBJEXT='.gmo'
CC='gcc'
CCDEPMODE='depmode=gcc3'
CFLAGS='-g -O2'
CPP='gcc -E'
CPPFLAGS=''
CXX='g++'
CXXCPP='g++ -E'
CXXDEPMODE='depmode=gcc3'
CXXFLAGS='-g -O2'
CYGPATH_W='echo'
DATADIRNAME='share'
DEFS='-DHAVE_CONFIG_H'
DEPDIR='.deps'
DLLTOOL='false'
DSYMUTIL=''
DUMPBIN=''
EBOOK_CFLAGS=''
EBOOK_LIBS=''
ECHO_C=''
ECHO_N='-n'
ECHO_T=''
EGREP='/usr/bin/grep -E'
EXEEXT=''
EXTRA_CFLAGS='-pthread -I/usr/local/include/libsoup-2.4 -I/usr/include/gupnp-1.0 -I/usr/include/libxml2 -I/usr/include/uuid -I/usr/include/gssdp-1.0 -I/usr/include/json-glib-1.0 -I/usr/include/glib-2.0 -I/usr/lib64/glib-2.0/include  -g'
EXTRA_LIBS='-lspeex -lspeexdsp -lsndfile -lxml2 -lgupnp-1.0 -lgssdp-1.0 -ljson-glib-1.0 -lgio-2.0 -lgobject-2.0 -lglib-2.0 '
FAX_SPOOLER_CFLAGS=''
FAX_SPOOLER_LIBS=''
FGREP='/usr/bin/grep -F'
GDATA_CFLAGS=''
GDATA_LIBS=''
GETTEXT_PACKAGE='roger'
GLIB_COMPILE_SCHEMAS='glib-compile-schemas'
GMODULE_CFLAGS='-pthread -I/usr/include/glib-2.0 -I/usr/lib64/glib-2.0/include '
GMODULE_LIBS='-Wl,--export-dynamic -lgmodule-2.0 -pthread -lglib-2.0 '
GMOFILES=''
GMSGFMT='/usr/bin/msgfmt'
GREP='/usr/bin/grep'
GSETTINGS_DISABLE_SCHEMAS_COMPILE=''
GSETTINGS_RULES='
GSTREAMER1_CFLAGS=''
GSTREAMER1_LIBS=''
GTK_CFLAGS='-pthread -I/usr/include/gtk-3.0 -I/usr/include/at-spi2-atk/2.0 -I/usr/include/at-spi-2.0 -I/usr/include/dbus-1.0 -I/usr/lib64/dbus-1.0/include -I/usr/include/gtk-3.0 -I/usr/include/gio-unix-2.0/ -I/usr/include/cairo -I/usr/include/pango-1.0 -I/usr/include/harfbuzz -I/usr/include/pango-1.0 -I/usr/include/atk-1.0 -I/usr/include/cairo -I/usr/include/pixman-1 -I/usr/include/freetype2 -I/usr/include/libdrm -I/usr/include/libpng12 -I/usr/include/gdk-pixbuf-2.0 -I/usr/include/libpng16 -I/usr/include/glib-2.0 -I/usr/lib64/glib-2.0/include '
GTK_LIBS='-lgtk-3 -lgdk-3 -lpangocairo-1.0 -lpango-1.0 -latk-1.0 -lcairo-gobject -lcairo -lgdk_pixbuf-2.0 -lgio-2.0 -lgobject-2.0 -lglib-2.0 '
HAVE_SECRET_SOURCE_REGISTRY_FALSE=''
HAVE_SECRET_SOURCE_REGISTRY_TRUE='#'
INSTALL_DATA='${INSTALL} -m 644'
INSTALL_PROGRAM='${INSTALL}'
INSTALL_SCRIPT='${INSTALL}'
INSTALL_STRIP_PROGRAM='$(install_sh) -c -s'
INSTOBJEXT='.mo'
INTLLIBS=''
INTLTOOL_CAVES_RULE='%.caves:     %.caves.in     $(INTLTOOL_MERGE) $(wildcard $(top_srcdir)/po/*.po) ; $(INTLTOOL_V_MERGE)LC_ALL=C $(INTLTOOL_MERGE) $(INTLTOOL_V_MERGE_OPTIONS) -d -u -c $(top_builddir)/po/.intltool-merge-cache $(top_srcdir)/po $< $@'
INTLTOOL_DESKTOP_RULE='%.desktop:   %.desktop.in   $(INTLTOOL_MERGE) $(wildcard $(top_srcdir)/po/*.po) ; $(INTLTOOL_V_MERGE)LC_ALL=C $(INTLTOOL_MERGE) $(INTLTOOL_V_MERGE_OPTIONS) -d -u -c $(top_builddir)/po/.intltool-merge-cache $(top_srcdir)/po $< $@'
INTLTOOL_DIRECTORY_RULE='%.directory: %.directory.in $(INTLTOOL_MERGE) $(wildcard $(top_srcdir)/po/*.po) ; $(INTLTOOL_V_MERGE)LC_ALL=C $(INTLTOOL_MERGE) $(INTLTOOL_V_MERGE_OPTIONS) -d -u -c $(top_builddir)/po/.intltool-merge-cache $(top_srcdir)/po $< $@'
INTLTOOL_EXTRACT='/usr/bin/intltool-extract'
INTLTOOL_KBD_RULE='%.kbd:       %.kbd.in       $(INTLTOOL_MERGE) $(wildcard $(top_srcdir)/po/*.po) ; $(INTLTOOL_V_MERGE)LC_ALL=C $(INTLTOOL_MERGE) $(INTLTOOL_V_MERGE_OPTIONS) -x -u -m -c $(top_builddir)/po/.intltool-merge-cache $(top_srcdir)/po $< $@'
INTLTOOL_KEYS_RULE='%.keys:      %.keys.in      $(INTLTOOL_MERGE) $(wildcard $(top_srcdir)/po/*.po) ; $(INTLTOOL_V_MERGE)LC_ALL=C $(INTLTOOL_MERGE) $(INTLTOOL_V_MERGE_OPTIONS) -k -u -c $(top_builddir)/po/.intltool-merge-cache $(top_srcdir)/po $< $@'
INTLTOOL_MERGE='/usr/bin/intltool-merge'
INTLTOOL_MSGMERGE='/usr/bin/msgmerge'
INTLTOOL_OAF_RULE='%.oaf:       %.oaf.in       $(INTLTOOL_MERGE) $(wildcard $(top_srcdir)/po/*.po) ; $(INTLTOOL_V_MERGE)LC_ALL=C $(INTLTOOL_MERGE) $(INTLTOOL_V_MERGE_OPTIONS) -o -p $(top_srcdir)/po $< $@'
INTLTOOL_PERL='/usr/bin/perl'
INTLTOOL_POLICY_RULE='%.policy:    %.policy.in    $(INTLTOOL_MERGE) $(wildcard $(top_srcdir)/po/*.po) ; $(INTLTOOL_V_MERGE)LC_ALL=C $(INTLTOOL_MERGE) $(INTLTOOL_V_MERGE_OPTIONS) -x -u -c $(top_builddir)/po/.intltool-merge-cache $(top_srcdir)/po $< $@'
INTLTOOL_PONG_RULE='%.pong:      %.pong.in      $(INTLTOOL_MERGE) $(wildcard $(top_srcdir)/po/*.po) ; $(INTLTOOL_V_MERGE)LC_ALL=C $(INTLTOOL_MERGE) $(INTLTOOL_V_MERGE_OPTIONS) -x -u -c $(top_builddir)/po/.intltool-merge-cache $(top_srcdir)/po $< $@'
INTLTOOL_PROP_RULE='%.prop:      %.prop.in      $(INTLTOOL_MERGE) $(wildcard $(top_srcdir)/po/*.po) ; $(INTLTOOL_V_MERGE)LC_ALL=C $(INTLTOOL_MERGE) $(INTLTOOL_V_MERGE_OPTIONS) -d -u -c $(top_builddir)/po/.intltool-merge-cache $(top_srcdir)/po $< $@'
INTLTOOL_SCHEMAS_RULE='%.schemas:   %.schemas.in   $(INTLTOOL_MERGE) $(wildcard $(top_srcdir)/po/*.po) ; $(INTLTOOL_V_MERGE)LC_ALL=C $(INTLTOOL_MERGE) $(INTLTOOL_V_MERGE_OPTIONS) -s -u -c $(top_builddir)/po/.intltool-merge-cache $(top_srcdir)/po $< $@'
INTLTOOL_SERVER_RULE='%.server:    %.server.in    $(INTLTOOL_MERGE) $(wildcard $(top_srcdir)/po/*.po) ; $(INTLTOOL_V_MERGE)LC_ALL=C $(INTLTOOL_MERGE) $(INTLTOOL_V_MERGE_OPTIONS) -o -u -c $(top_builddir)/po/.intltool-merge-cache $(top_srcdir)/po $< $@'
INTLTOOL_SERVICE_RULE='%.service: %.service.in   $(INTLTOOL_MERGE) $(wildcard $(top_srcdir)/po/*.po) ; $(INTLTOOL_V_MERGE)LC_ALL=C $(INTLTOOL_MERGE) $(INTLTOOL_V_MERGE_OPTIONS) -d -u -c $(top_builddir)/po/.intltool-merge-cache $(top_srcdir)/po $< $@'
INTLTOOL_SHEET_RULE='%.sheet:     %.sheet.in     $(INTLTOOL_MERGE) $(wildcard $(top_srcdir)/po/*.po) ; $(INTLTOOL_V_MERGE)LC_ALL=C $(INTLTOOL_MERGE) $(INTLTOOL_V_MERGE_OPTIONS) -x -u -c $(top_builddir)/po/.intltool-merge-cache $(top_srcdir)/po $< $@'
INTLTOOL_SOUNDLIST_RULE='%.soundlist: %.soundlist.in $(INTLTOOL_MERGE) $(wildcard $(top_srcdir)/po/*.po) ; $(INTLTOOL_V_MERGE)LC_ALL=C $(INTLTOOL_MERGE) $(INTLTOOL_V_MERGE_OPTIONS) -d -u -c $(top_builddir)/po/.intltool-merge-cache $(top_srcdir)/po $< $@'
INTLTOOL_THEME_RULE='%.theme:     %.theme.in     $(INTLTOOL_MERGE) $(wildcard $(top_srcdir)/po/*.po) ; $(INTLTOOL_V_MERGE)LC_ALL=C $(INTLTOOL_MERGE) $(INTLTOOL_V_MERGE_OPTIONS) -d -u -c $(top_builddir)/po/.intltool-merge-cache $(top_srcdir)/po $< $@'
INTLTOOL_UI_RULE='%.ui:        %.ui.in        $(INTLTOOL_MERGE) $(wildcard $(top_srcdir)/po/*.po) ; $(INTLTOOL_V_MERGE)LC_ALL=C $(INTLTOOL_MERGE) $(INTLTOOL_V_MERGE_OPTIONS) -x -u -c $(top_builddir)/po/.intltool-merge-cache $(top_srcdir)/po $< $@'
INTLTOOL_UPDATE='/usr/bin/intltool-update'
INTLTOOL_V_MERGE='$(INTLTOOL__v_MERGE_$(V))'
INTLTOOL_V_MERGE_OPTIONS='$(intltool__v_merge_options_$(V))'
INTLTOOL_XAM_RULE='%.xam:       %.xml.in       $(INTLTOOL_MERGE) $(wildcard $(top_srcdir)/po/*.po) ; $(INTLTOOL_V_MERGE)LC_ALL=C $(INTLTOOL_MERGE) $(INTLTOOL_V_MERGE_OPTIONS) -x -u -c $(top_builddir)/po/.intltool-merge-cache $(top_srcdir)/po $< $@'
INTLTOOL_XGETTEXT='/usr/bin/xgettext'
INTLTOOL_XML_NOMERGE_RULE='%.xml:       %.xml.in       $(INTLTOOL_MERGE) ; $(INTLTOOL_V_MERGE)LC_ALL=C $(INTLTOOL_MERGE) $(INTLTOOL_V_MERGE_OPTIONS) -x -u --no-translations $< $@'
INTLTOOL_XML_RULE='%.xml:       %.xml.in       $(INTLTOOL_MERGE) $(wildcard $(top_srcdir)/po/*.po) ; $(INTLTOOL_V_MERGE)LC_ALL=C $(INTLTOOL_MERGE) $(INTLTOOL_V_MERGE_OPTIONS) -x -u -c $(top_builddir)/po/.intltool-merge-cache $(top_srcdir)/po $< $@'
INTLTOOL__v_MERGE_0='@echo "  ITMRG " $@;'
INTLTOOL__v_MERGE_='$(INTLTOOL__v_MERGE_$(AM_DEFAULT_VERBOSITY))'
KWALLET5_CFLAGS=''
KWALLET5_LIBS=''
KWALLET_CFLAGS=''
KWALLET_LIBS=''
LD='/usr/x86_64-suse-linux/bin/ld -m elf_x86_64'
LDFLAGS=''
LIBNOTIFY_CFLAGS=''
LIBNOTIFY_LIBS=''
LIBOBJS=''
LIBS='-ltiff -lgthread-2.0 -lm '
LIBTOOL='$(SHELL) $(top_builddir)/libtool'
LIPO=''
LN_S='ln -s'
LTLIBOBJS=''
LT_SYS_LIBRARY_PATH=''
MACOSX_FALSE=''
MACOSX_TRUE='#'
MAKEINFO='${SHELL} /root/rogerj/wand/missing makeinfo'
MANIFEST_TOOL=':'
MKDIR_P='/usr/bin/mkdir -p'
MKINSTALLDIRS='./mkinstalldirs'
MSGFMT='/usr/bin/msgfmt'
MSGFMT_OPTS='-c'
MSGMERGE='/usr/bin/msgmerge'
NM='/usr/bin/nm -B'
NMEDIT=''
OBJDUMP='objdump'
OBJEXT='o'
OS_CFLAGS='-DROUTERMANAGER_PLUGINS='\''"$(libdir)/routermanager/"'\'' -DAPP_PLUGINS='\''"$(libdir)/roger/"'\'' -DAPP_DATA='\''"$(datadir)/roger/"'\'' -DAPP_LOCALE='\''"$(localedir)"'\'' -Wall'
OS_LIBS='-rdynamic -lcrypt'
OTOOL64=''
OTOOL=''
PACKAGE='roger-router'
PACKAGE_BUGREPORT='http://www.tabos.org'
PACKAGE_NAME='Roger Router'
PACKAGE_STRING='Roger Router 1.9.3'
PACKAGE_TARNAME='roger-router'
PACKAGE_URL=''
PACKAGE_VERSION='1.9.3'
PATH_SEPARATOR=':'
PEAS_CFLAGS='-pthread -I/usr/include/libpeas-1.0 -I/usr/include/gobject-introspection-1.0 -I/usr/include/glib-2.0 -I/usr/lib64/glib-2.0/include '
PEAS_GTK_CFLAGS='-pthread -I/usr/include/libpeas-1.0 -I/usr/include/gtk-3.0 -I/usr/include/at-spi2-atk/2.0 -I/usr/include/at-spi-2.0 -I/usr/include/dbus-1.0 -I/usr/lib64/dbus-1.0/include -I/usr/include/gtk-3.0 -I/usr/include/gio-unix-2.0/ -I/usr/include/cairo -I/usr/include/pango-1.0 -I/usr/include/harfbuzz -I/usr/include/pango-1.0 -I/usr/include/atk-1.0 -I/usr/include/cairo -I/usr/include/pixman-1 -I/usr/include/freetype2 -I/usr/include/libdrm -I/usr/include/libpng12 -I/usr/include/gdk-pixbuf-2.0 -I/usr/include/libpng16 -I/usr/include/libpeas-1.0 -I/usr/include/gobject-introspection-1.0 -I/usr/include/glib-2.0 -I/usr/lib64/glib-2.0/include '
PEAS_GTK_LIBS='-lpeas-gtk-1.0 -lgtk-3 -lgdk-3 -lpangocairo-1.0 -lpango-1.0 -latk-1.0 -lcairo-gobject -lcairo -lgdk_pixbuf-2.0 -lpeas-1.0 -Wl,--export-dynamic -lgmodule-2.0 -pthread -lgio-2.0 -lgirepository-1.0 -lgobject-2.0 -lglib-2.0 '
PEAS_LIBS='-lpeas-1.0 -Wl,--export-dynamic -lgmodule-2.0 -pthread -lgio-2.0 -lgirepository-1.0 -lgobject-2.0 -lglib-2.0 '
PKG_CONFIG='/usr/bin/pkg-config'
PKG_CONFIG_LIBDIR=''
PKG_CONFIG_PATH=''
POFILES=''
PORTAUDIO_CFLAGS=''
PORTAUDIO_LIBS=''
POSUB='po'
PO_IN_DATADIR_FALSE=''
PO_IN_DATADIR_TRUE=''
PULSEAUDIO_CFLAGS=''
PULSEAUDIO_LIBS=''
RANLIB='ranlib'
ROGER_VERSION_MAJOR='1'
ROGER_VERSION_MICRO='3'
ROGER_VERSION_MINOR='9'
SECRET_CFLAGS='-pthread -I/usr/include/libsecret-1 -I/usr/include/glib-2.0 -I/usr/lib64/glib-2.0/include '
SECRET_LIBS='-lsecret-1 -lgio-2.0 -lgobject-2.0 -lglib-2.0 '
SED='/usr/bin/sed'
SET_MAKE=''
SHELL='/bin/sh'
SOUP_CFLAGS='-pthread -I/usr/local/include/libsoup-2.4 -I/usr/include/libxml2 -I/usr/include/glib-2.0 -I/usr/lib64/glib-2.0/include '
SOUP_LIBS='-L/usr/local/lib64 -lsoup-2.4 -lgio-2.0 -lgobject-2.0 -lglib-2.0 '
SPANDSP_CFLAGS=''
SPANDSP_LIBS='-lspandsp '
STRIP='strip'
USE_NLS='yes'
VERSION='1.9.3'
WIN32_FALSE=''
WIN32_TRUE='#'
WINDRES=''
WITH_APPINDICATOR3_FALSE=''
WITH_APPINDICATOR3_TRUE='#'
WITH_EBOOK_FALSE=''
WITH_EBOOK_TRUE='#'
WITH_FAXOPHONE_FALSE='#'
WITH_FAXOPHONE_TRUE=''
WITH_GDATA_FALSE=''
WITH_GDATA_TRUE='#'
WITH_GNOTIFICATION_FALSE='#'
WITH_GNOTIFICATION_TRUE=''
WITH_GSTREAMER1_FALSE=''
WITH_GSTREAMER1_TRUE='#'
WITH_KWALLET5_FALSE=''
WITH_KWALLET5_TRUE='#'
WITH_KWALLET_FALSE=''
WITH_KWALLET_TRUE='#'
WITH_LIBNOTIFY_FALSE=''
WITH_LIBNOTIFY_TRUE='#'
WITH_MACOS_KEYCHAIN_FALSE=''
WITH_MACOS_KEYCHAIN_TRUE='#'
WITH_OSX_AB_FALSE=''
WITH_OSX_AB_TRUE='#'
WITH_PORTAUDIO_FALSE=''
WITH_PORTAUDIO_TRUE='#'
WITH_PULSEAUDIO_FALSE=''
WITH_PULSEAUDIO_TRUE='#'
WITH_SECRET_FALSE='#'
WITH_SECRET_TRUE=''
WITH_STATUSICON_FALSE=''
WITH_STATUSICON_TRUE='#'
XGETTEXT='/usr/bin/xgettext'
ac_ct_AR='ar'
ac_ct_CC='gcc'
ac_ct_CXX='g++'
ac_ct_DUMPBIN=''
ac_prefix_program='/usr/bin/glib-compile-schemas'
all-am: $(gsettings_SCHEMAS:.xml=.valid)
am__EXEEXT_FALSE=''
am__EXEEXT_TRUE='#'
am__fastdepCC_FALSE='#'
am__fastdepCC_TRUE=''
am__fastdepCXX_FALSE='#'
am__fastdepCXX_TRUE=''
am__include='include'
am__isrc=''
am__leading_dot='.'
am__nodep='_no'
am__quote=''
am__tar='$${TAR-tar} chof - "$$tardir"'
am__untar='$${TAR-tar} xf -'
bindir='${exec_prefix}/bin'
build='x86_64-unknown-linux-gnu'
build_alias=''
build_cpu='x86_64'
build_os='linux-gnu'
build_vendor='unknown'
clean-gsettings-schemas:
datadir='${datarootdir}'
datarootdir='${prefix}/share'
docdir='${datarootdir}/doc/${PACKAGE_TARNAME}'
dvidir='${docdir}'
endif'
exec_prefix='${prefix}'
found_cc='yes'
gsettings__enum_file = $(addsuffix .enums.xml,$(gsettings_ENUM_NAMESPACE))
gsettingsschemadir='${datarootdir}/glib-2.0/schemas'
host='x86_64-unknown-linux-gnu'
host_alias=''
host_cpu='x86_64'
host_os='linux-gnu'
host_vendor='unknown'
htmldir='${docdir}'
ifdef gsettings_ENUM_NAMESPACE
includedir='${prefix}/include'
infodir='${datarootdir}/info'
install-data-am: install-gsettings-schemas
install-gsettings-schemas: $(gsettings_SCHEMAS) $(gsettings__enum_file)
install_sh='${SHELL} /root/rogerj/wand/install-sh'
intltool__v_merge_options_0='-q'
intltool__v_merge_options_='$(intltool__v_merge_options_$(AM_DEFAULT_VERBOSITY))'
libdir='/usr/lib64'
libexecdir='${exec_prefix}/lib'
localedir='${datarootdir}/locale'
localstatedir='${prefix}/var'
mandir='${datarootdir}/man'
mkdir_p='$(MKDIR_P)'
mostlyclean-am: clean-gsettings-schemas
oldincludedir='/usr/include'
pdfdir='${docdir}'
prefix='/usr'
program_transform_name='s,x,x,'
psdir='${docdir}'
sbindir='${exec_prefix}/sbin'
sharedstatedir='${prefix}/com'
sysconfdir='${prefix}/etc'
target_alias=''
uninstall-am: uninstall-gsettings-schemas
uninstall-gsettings-schemas:

## ----------- ##
## confdefs.h. ##
## ----------- ##

/* confdefs.h */
#define PACKAGE_NAME "Roger Router"
#define PACKAGE_TARNAME "roger-router"
#define PACKAGE_VERSION "1.9.3"
#define PACKAGE_STRING "Roger Router 1.9.3"
#define PACKAGE_BUGREPORT "http://www.tabos.org"
#define PACKAGE_URL ""
#define PACKAGE "roger-router"
#define VERSION "1.9.3"
#define STDC_HEADERS 1
#define HAVE_SYS_TYPES_H 1
#define HAVE_SYS_STAT_H 1
#define HAVE_STDLIB_H 1
#define HAVE_STRING_H 1
#define HAVE_MEMORY_H 1
#define HAVE_STRINGS_H 1
#define HAVE_INTTYPES_H 1
#define HAVE_STDINT_H 1
#define HAVE_UNISTD_H 1
#define HAVE_DLFCN_H 1
#define LT_OBJDIR ".libs/"
#define GDK_VERSION_MIN_REQUIRED GDK_VERSION_3_8
#define GDK_VERSION_MAX_ALLOWED GDK_VERSION_3_10
#define SIZEOF_LONG 8
#define HAVE_LIBM 1
#define HAVE_LIBGTHREAD_2_0 1
#define GETTEXT_PACKAGE "roger"
#define HAVE_LOCALE_H 1
#define HAVE_LC_MESSAGES 1
#define HAVE_BIND_TEXTDOMAIN_CODESET 1
#define HAVE_GETTEXT 1
#define HAVE_DCGETTEXT 1
#define ENABLE_NLS 1
#define HAVE_TIFFIO_H 1
#define HAVE_LIBTIFF 1
#define HAVE_SYS_UTSNAME_H 1
#define USE_PRINTER_SPOOLER 1
#define HAVE_UNISTD_H 1
#define HAVE_SIGACTION 1
#define HAVE_FAXOPHONE 1
#define HAVE_CAPI_36 1
#define HAVE_GNOTIFICATION 1

configure: exit 0
