This file contains any messages produced by compilers while
running configure, to aid debugging if configure makes a mistake.

It was created by Roger Router configure 1.9.3, which was
generated by GNU Autoconf 2.69.  Invocation command line was

  $ configure 

## --------- ##
## Platform. ##
## --------- ##

hostname = linux1
uname -m = x86_64
uname -r = 4.4.92-31-default
uname -s = Linux
uname -v = #1 SMP Sun Oct 22 06:56:24 UTC 2017 (1d80e8a)

/usr/bin/uname -p = x86_64
/bin/uname -X     = unknown

/bin/arch              = x86_64
/usr/bin/arch -k       = unknown
/usr/convex/getsysinfo = unknown
/usr/bin/hostinfo      = unknown
/bin/machine           = unknown
/usr/bin/oslevel       = unknown
/bin/universe          = unknown

PATH: /usr/local/ssl/bin
PATH: /sbin
PATH: /usr/sbin
PATH: /usr/local/sbin
PATH: /root/bin
PATH: /usr/local/bin
PATH: /usr/bin
PATH: /bin
PATH: /usr/bin/X11
PATH: /usr/games
PATH: /usr/lib/mit/bin
PATH: /usr/lib/mit/sbin


## ----------- ##
## Core tests. ##
## ----------- ##

configure:2669: loading site script /usr/share/site/x86_64-unknown-linux-gnu
| #!/bin/sh
| # Site script for configure. It is resourced via $CONFIG_SITE environment varaible.
| 
| # If user did not specify libdir, guess the correct target:
| # Use lib64 for 64 bit bi-arch targets, keep the default for the rest.
| if test "$libdir" = '${exec_prefix}/lib' ; then
| 
| 	ac_config_site_64bit_host=NONE
| 
| 	case "$host" in
| 	"" )
| 		# User did not specify host target.
| 		# The native platform x86_64 is a bi-arch platform.
| 		# Try to detect cross-compilation to inferior architecture.
| 
| 		# We are trying to guess 32-bit target compilation. It's not as easy as
| 		# it sounds, as there is possible several intermediate combinations.
| 		ac_config_site_cross_to_32bit_host=NONE
| 
| 		# User defined -m32 in CFLAGS or CXXFLAGS or CC or CXX:
| 		# (It's sufficient for 32-bit, but alone may cause mis-behavior of some checks.)
| 		case "$CFLAGS $CXXFLAGS $CC $CXX" in
| 		*-m32*)
| 			ac_config_site_cross_to_32bit_host=YES
| 			;;
| 		esac
| 
| 		# Running with linux32:
| 		# (Changes detected platform, but not the toolchain target.)
| 		case "`/bin/uname -i`" in
| 		x86_64 | ppc64 | s390x )
| 			;;
| 		* )
| 			ac_config_site_cross_to_32bit_host=YES
| 			;;
| 		esac
| 
| 		if test "x$ac_config_site_cross_to_32bit_host" = xNONE; then
| 			ac_config_site_64bit_host=YES
| 		fi
| 
| 		;;
| 	*x86_64* | *ppc64* | *s390x* )
| 		ac_config_site_64bit_host=YES
| 		;;
| 	esac
| 
| 	if test "x$ac_config_site_64bit_host" = xYES; then
| 		libdir='${exec_prefix}/lib64'
| 	fi
| fi
| 
| # If user did not specify libexecdir, set the correct target:
| # Nor FHS nor openSUSE allow prefix/libexec. Let's default to prefix/lib.
| 
| if test "$libexecdir" = '${exec_prefix}/libexec' ; then
| 	libexecdir='${exec_prefix}/lib'
| fi
| 
| # Continue with the standard behavior of configure defined in AC_SITE_LOAD:
| if test "x$prefix" != xNONE; then
| 	ac_site_file1=$prefix/share/config.site
| 	ac_site_file2=$prefix/etc/config.site
| else
| 	ac_site_file1=$ac_default_prefix/share/config.site
| 	ac_site_file2=$ac_default_prefix/etc/config.site
| fi
| for ac_site_file in "$ac_site_file1" "$ac_site_file2"
| do
| 	test "x$ac_site_file" = xNONE && continue
| 	if test /dev/null != "$ac_site_file" && test -r "$ac_site_file"; then
| 		{ $as_echo "/usr/share/site/x86_64-unknown-linux-gnu:${as_lineno-$LINENO}: loading site script $ac_site_file" >&5
| $as_echo "/usr/share/site/x86_64-unknown-linux-gnu: loading site script $ac_site_file" >&6;}
| 		sed 's/^/| /' "$ac_site_file" >&5
| 		. "$ac_site_file" \
| 			|| { { $as_echo "/usr/share/site/x86_64-unknown-linux-gnu:${as_lineno-$LINENO}: error: in \`$ac_pwd':" >&5
| $as_echo "/usr/share/site/x86_64-unknown-linux-gnu: error: in \`$ac_pwd':" >&2;}
| as_fn_error $? "failed to load site script $ac_site_file
| See \`config.log' for more details" "$LINENO" 5; }
| 	fi
| done
configure:2776: checking whether make supports nested variables
configure:2793: result: yes
configure:2809: checking for glib-compile-schemas
configure:2827: found /usr/bin/glib-compile-schemas
configure:2839: result: /usr/bin/glib-compile-schemas
configure:2942: checking for a BSD-compatible install
configure:3010: result: /usr/bin/install -c
configure:3021: checking whether build environment is sane
configure:3076: result: yes
configure:3227: checking for a thread-safe mkdir -p
configure:3266: result: /usr/bin/mkdir -p
configure:3273: checking for gawk
configure:3289: found /usr/bin/gawk
configure:3300: result: gawk
configure:3311: checking whether make sets $(MAKE)
configure:3333: result: yes
configure:3478: checking for gcc
configure:3494: found /usr/bin/gcc
configure:3505: result: gcc
configure:3734: checking for C compiler version
configure:3743: gcc --version >&5
gcc (SUSE Linux) 4.8.5
Copyright (C) 2015 Free Software Foundation, Inc.
This is free software; see the source for copying conditions.  There is NO
warranty; not even for MERCHANTABILITY or FITNESS FOR A PARTICULAR PURPOSE.

configure:3754: $? = 0
configure:3743: gcc -v >&5
Using built-in specs.
COLLECT_GCC=gcc
COLLECT_LTO_WRAPPER=/usr/lib64/gcc/x86_64-suse-linux/4.8/lto-wrapper
Target: x86_64-suse-linux
Configured with: ../configure --prefix=/usr --infodir=/usr/share/info --mandir=/usr/share/man --libdir=/usr/lib64 --libexecdir=/usr/lib64 --enable-languages=c,c++,objc,fortran,obj-c++,java,ada --enable-checking=release --with-gxx-include-dir=/usr/include/c++/4.8 --enable-ssp --disable-libssp --disable-plugin --with-bugurl=http://bugs.opensuse.org/ --with-pkgversion='SUSE Linux' --disable-libgcj --disable-libmudflap --with-slibdir=/lib64 --with-system-zlib --enable-__cxa_atexit --enable-libstdcxx-allocator=new --disable-libstdcxx-pch --enable-version-specific-runtime-libs --enable-linker-build-id --enable-linux-futex --program-suffix=-4.8 --without-system-libunwind --with-arch-32=i586 --with-tune=generic --build=x86_64-suse-linux --host=x86_64-suse-linux
Thread model: posix
gcc version 4.8.5 (SUSE Linux) 
configure:3754: $? = 0
configure:3743: gcc -V >&5
gcc: error: unrecognized command line option '-V'
gcc: fatal error: no input files
compilation terminated.
configure:3754: $? = 1
configure:3743: gcc -qversion >&5
gcc: error: unrecognized command line option '-qversion'
gcc: fatal error: no input files
compilation terminated.
configure:3754: $? = 1
configure:3774: checking whether the C compiler works
configure:3796: gcc    conftest.c  >&5
configure:3800: $? = 0
configure:3848: result: yes
configure:3851: checking for C compiler default output file name
configure:3853: result: a.out
configure:3859: checking for suffix of executables
configure:3866: gcc -o conftest    conftest.c  >&5
configure:3870: $? = 0
configure:3892: result: 
configure:3914: checking whether we are cross compiling
configure:3922: gcc -o conftest    conftest.c  >&5
configure:3926: $? = 0
configure:3933: ./conftest
configure:3937: $? = 0
configure:3952: result: no
configure:3957: checking for suffix of object files
configure:3979: gcc -c   conftest.c >&5
configure:3983: $? = 0
configure:4004: result: o
configure:4008: checking whether we are using the GNU C compiler
configure:4027: gcc -c   conftest.c >&5
configure:4027: $? = 0
configure:4036: result: yes
configure:4045: checking whether gcc accepts -g
configure:4065: gcc -c -g  conftest.c >&5
configure:4065: $? = 0
configure:4106: result: yes
configure:4123: checking for gcc option to accept ISO C89
configure:4186: gcc  -c -g -O2  conftest.c >&5
configure:4186: $? = 0
configure:4199: result: none needed
configure:4230: checking for style of include used by make
configure:4258: result: GNU
configure:4284: checking dependency style of gcc
configure:4395: result: gcc3
configure:4468: checking for g++
configure:4484: found /usr/bin/g++
configure:4495: result: g++
configure:4522: checking for C++ compiler version
configure:4531: g++ --version >&5
g++ (SUSE Linux) 4.8.5
Copyright (C) 2015 Free Software Foundation, Inc.
This is free software; see the source for copying conditions.  There is NO
warranty; not even for MERCHANTABILITY or FITNESS FOR A PARTICULAR PURPOSE.

configure:4542: $? = 0
configure:4531: g++ -v >&5
Using built-in specs.
COLLECT_GCC=g++
COLLECT_LTO_WRAPPER=/usr/lib64/gcc/x86_64-suse-linux/4.8/lto-wrapper
Target: x86_64-suse-linux
Configured with: ../configure --prefix=/usr --infodir=/usr/share/info --mandir=/usr/share/man --libdir=/usr/lib64 --libexecdir=/usr/lib64 --enable-languages=c,c++,objc,fortran,obj-c++,java,ada --enable-checking=release --with-gxx-include-dir=/usr/include/c++/4.8 --enable-ssp --disable-libssp --disable-plugin --with-bugurl=http://bugs.opensuse.org/ --with-pkgversion='SUSE Linux' --disable-libgcj --disable-libmudflap --with-slibdir=/lib64 --with-system-zlib --enable-__cxa_atexit --enable-libstdcxx-allocator=new --disable-libstdcxx-pch --enable-version-specific-runtime-libs --enable-linker-build-id --enable-linux-futex --program-suffix=-4.8 --without-system-libunwind --with-arch-32=i586 --with-tune=generic --build=x86_64-suse-linux --host=x86_64-suse-linux
Thread model: posix
gcc version 4.8.5 (SUSE Linux) 
configure:4542: $? = 0
configure:4531: g++ -V >&5
g++: error: unrecognized command line option '-V'
g++: fatal error: no input files
compilation terminated.
configure:4542: $? = 1
configure:4531: g++ -qversion >&5
g++: error: unrecognized command line option '-qversion'
g++: fatal error: no input files
compilation terminated.
configure:4542: $? = 1
configure:4546: checking whether we are using the GNU C++ compiler
configure:4565: g++ -c   conftest.cpp >&5
configure:4565: $? = 0
configure:4574: result: yes
configure:4583: checking whether g++ accepts -g
configure:4603: g++ -c -g  conftest.cpp >&5
configure:4603: $? = 0
configure:4644: result: yes
configure:4669: checking dependency style of g++
configure:4780: result: gcc3
configure:4797: checking for gcc
configure:4813: found /usr/bin/gcc
configure:4825: result: yes
configure:4834: checking whether gcc and cc understand -c and -o together
configure:4865: gcc -c conftest.c -o conftest2.o >&5
configure:4869: $? = 0
configure:4875: gcc -c conftest.c -o conftest2.o >&5
configure:4879: $? = 0
configure:4890: cc -c conftest.c >&5
configure:4894: $? = 0
configure:4902: cc -c conftest.c -o conftest2.o >&5
configure:4906: $? = 0
configure:4912: cc -c conftest.c -o conftest2.o >&5
configure:4916: $? = 0
configure:4934: result: yes
configure:4990: checking build system type
configure:5004: result: x86_64-suse-linux-gnu
configure:5024: checking host system type
configure:5037: result: x86_64-suse-linux-gnu
configure:5078: checking how to print strings
configure:5105: result: printf
configure:5126: checking for a sed that does not truncate output
configure:5190: result: /usr/bin/sed
configure:5208: checking for grep that handles long lines and -e
configure:5266: result: /usr/bin/grep
configure:5271: checking for egrep
configure:5333: result: /usr/bin/grep -E
configure:5338: checking for fgrep
configure:5400: result: /usr/bin/grep -F
configure:5435: checking for ld used by gcc
configure:5502: result: /usr/x86_64-suse-linux/bin/ld
configure:5509: checking if the linker (/usr/x86_64-suse-linux/bin/ld) is GNU ld
configure:5524: result: yes
configure:5536: checking for BSD- or MS-compatible name lister (nm)
configure:5585: result: /usr/bin/nm -B
configure:5715: checking the name lister (/usr/bin/nm -B) interface
configure:5722: gcc -c -g -O2  conftest.c >&5
configure:5725: /usr/bin/nm -B "conftest.o"
configure:5728: output
0000000000000000 B some_variable
configure:5735: result: BSD nm
configure:5738: checking whether ln -s works
configure:5742: result: yes
configure:5750: checking the maximum length of command line arguments
configure:5880: result: 1572864
configure:5897: checking whether the shell understands some XSI constructs
configure:5907: result: yes
configure:5911: checking whether the shell understands "+="
configure:5917: result: yes
configure:5952: checking how to convert x86_64-suse-linux-gnu file names to x86_64-suse-linux-gnu format
configure:5992: result: func_convert_file_noop
configure:5999: checking how to convert x86_64-suse-linux-gnu file names to toolchain format
configure:6019: result: func_convert_file_noop
configure:6026: checking for /usr/x86_64-suse-linux/bin/ld option to reload object files
configure:6033: result: -r
configure:6107: checking for objdump
configure:6123: found /usr/bin/objdump
configure:6134: result: objdump
configure:6163: checking how to recognize dependent libraries
configure:6365: result: pass_all
configure:6450: checking for dlltool
configure:6480: result: no
configure:6507: checking how to associate runtime and link libraries
configure:6534: result: printf %s\n
configure:6595: checking for ar
configure:6611: found /usr/bin/ar
configure:6622: result: ar
configure:6659: checking for archiver @FILE support
configure:6676: gcc -c -g -O2  conftest.c >&5
configure:6676: $? = 0
configure:6679: ar cru libconftest.a @conftest.lst >&5
configure:6682: $? = 0
configure:6687: ar cru libconftest.a @conftest.lst >&5
ar: conftest.o: No such file or directory
configure:6690: $? = 1
configure:6702: result: @
configure:6760: checking for strip
configure:6776: found /usr/bin/strip
configure:6787: result: strip
configure:6859: checking for ranlib
configure:6875: found /usr/bin/ranlib
configure:6886: result: ranlib
configure:6988: checking command to parse /usr/bin/nm -B output from gcc object
configure:7108: gcc -c -g -O2  conftest.c >&5
configure:7111: $? = 0
configure:7115: /usr/bin/nm -B conftest.o \| sed -n -e 's/^.*[ ]\([ABCDGIRSTW][ABCDGIRSTW]*\)[ ][ ]*\([_A-Za-z][_A-Za-z0-9]*\)$/\1 \2 \2/p' | sed '/ __gnu_lto/d' \> conftest.nm
configure:7118: $? = 0
configure:7184: gcc -o conftest -g -O2   conftest.c conftstm.o >&5
configure:7187: $? = 0
configure:7225: result: ok
configure:7262: checking for sysroot
configure:7292: result: no
configure:7369: gcc -c -g -O2  conftest.c >&5
configure:7372: $? = 0
configure:7554: checking for mt
configure:7570: found /usr/bin/mt
configure:7581: result: mt
configure:7604: checking if mt is a manifest tool
configure:7610: mt '-?'
configure:7618: result: no
configure:8260: checking how to run the C preprocessor
configure:8291: gcc -E  conftest.c
configure:8291: $? = 0
configure:8305: gcc -E  conftest.c
conftest.c:11:28: fatal error: ac_nonexistent.h: No such file or directory
 #include <ac_nonexistent.h>
                            ^
compilation terminated.
configure:8305: $? = 1
configure: failed program was:
| /* confdefs.h */
| #define PACKAGE_NAME "Roger Router"
| #define PACKAGE_TARNAME "roger-router"
| #define PACKAGE_VERSION "1.9.3"
| #define PACKAGE_STRING "Roger Router 1.9.3"
| #define PACKAGE_BUGREPORT "http://www.tabos.org"
| #define PACKAGE_URL ""
| #define PACKAGE "roger-router"
| #define VERSION "1.9.3"
| /* end confdefs.h.  */
| #include <ac_nonexistent.h>
configure:8330: result: gcc -E
configure:8350: gcc -E  conftest.c
configure:8350: $? = 0
configure:8364: gcc -E  conftest.c
conftest.c:11:28: fatal error: ac_nonexistent.h: No such file or directory
 #include <ac_nonexistent.h>
                            ^
compilation terminated.
configure:8364: $? = 1
configure: failed program was:
| /* confdefs.h */
| #define PACKAGE_NAME "Roger Router"
| #define PACKAGE_TARNAME "roger-router"
| #define PACKAGE_VERSION "1.9.3"
| #define PACKAGE_STRING "Roger Router 1.9.3"
| #define PACKAGE_BUGREPORT "http://www.tabos.org"
| #define PACKAGE_URL ""
| #define PACKAGE "roger-router"
| #define VERSION "1.9.3"
| /* end confdefs.h.  */
| #include <ac_nonexistent.h>
configure:8393: checking for ANSI C header files
configure:8413: gcc -c -g -O2  conftest.c >&5
configure:8413: $? = 0
configure:8486: gcc -o conftest -g -O2   conftest.c  >&5
configure:8486: $? = 0
configure:8486: ./conftest
configure:8486: $? = 0
configure:8497: result: yes
configure:8510: checking for sys/types.h
configure:8510: gcc -c -g -O2  conftest.c >&5
configure:8510: $? = 0
configure:8510: result: yes
configure:8510: checking for sys/stat.h
configure:8510: gcc -c -g -O2  conftest.c >&5
configure:8510: $? = 0
configure:8510: result: yes
configure:8510: checking for stdlib.h
configure:8510: gcc -c -g -O2  conftest.c >&5
configure:8510: $? = 0
configure:8510: result: yes
configure:8510: checking for string.h
configure:8510: gcc -c -g -O2  conftest.c >&5
configure:8510: $? = 0
configure:8510: result: yes
configure:8510: checking for memory.h
configure:8510: gcc -c -g -O2  conftest.c >&5
configure:8510: $? = 0
configure:8510: result: yes
configure:8510: checking for strings.h
configure:8510: gcc -c -g -O2  conftest.c >&5
configure:8510: $? = 0
configure:8510: result: yes
configure:8510: checking for inttypes.h
configure:8510: gcc -c -g -O2  conftest.c >&5
configure:8510: $? = 0
configure:8510: result: yes
configure:8510: checking for stdint.h
configure:8510: gcc -c -g -O2  conftest.c >&5
configure:8510: $? = 0
configure:8510: result: yes
configure:8510: checking for unistd.h
configure:8510: gcc -c -g -O2  conftest.c >&5
configure:8510: $? = 0
configure:8510: result: yes
configure:8524: checking for dlfcn.h
configure:8524: gcc -c -g -O2  conftest.c >&5
configure:8524: $? = 0
configure:8524: result: yes
configure:9039: checking for objdir
configure:9054: result: .libs
configure:9325: checking if gcc supports -fno-rtti -fno-exceptions
configure:9343: gcc -c -g -O2  -fno-rtti -fno-exceptions conftest.c >&5
cc1: warning: command line option '-fno-rtti' is valid for C++/ObjC++ but not for C [enabled by default]
configure:9347: $? = 0
configure:9360: result: no
configure:9687: checking for gcc option to produce PIC
configure:9694: result: -fPIC -DPIC
configure:9702: checking if gcc PIC flag -fPIC -DPIC works
configure:9720: gcc -c -g -O2  -fPIC -DPIC -DPIC conftest.c >&5
configure:9724: $? = 0
configure:9737: result: yes
configure:9766: checking if gcc static flag -static works
configure:9794: result: no
configure:9809: checking if gcc supports -c -o file.o
configure:9830: gcc -c -g -O2  -o out/conftest2.o conftest.c >&5
configure:9834: $? = 0
configure:9856: result: yes
configure:9864: checking if gcc supports -c -o file.o
configure:9911: result: yes
configure:9944: checking whether the gcc linker (/usr/x86_64-suse-linux/bin/ld -m elf_x86_64) supports shared libraries
configure:11097: result: yes
configure:11134: checking whether -lc should be explicitly linked in
configure:11142: gcc -c -g -O2  conftest.c >&5
configure:11145: $? = 0
configure:11160: gcc -shared  -fPIC -DPIC conftest.o  -v -Wl,-soname -Wl,conftest -o conftest 2\>\&1 \| /usr/bin/grep  -lc  \>/dev/null 2\>\&1
configure:11163: $? = 0
configure:11177: result: no
configure:11337: checking dynamic linker characteristics
configure:11848: gcc -o conftest -g -O2   -Wl,-rpath -Wl,/foo conftest.c  >&5
configure:11848: $? = 0
configure:12070: result: GNU/Linux ld.so
configure:12177: checking how to hardcode library paths into programs
configure:12202: result: immediate
configure:12742: checking whether stripping libraries is possible
configure:12747: result: yes
configure:12782: checking if libtool supports shared libraries
configure:12784: result: yes
configure:12787: checking whether to build shared libraries
configure:12808: result: yes
configure:12811: checking whether to build static libraries
configure:12815: result: yes
configure:12838: checking how to run the C++ preprocessor
configure:12865: g++ -E  conftest.cpp
configure:12865: $? = 0
configure:12879: g++ -E  conftest.cpp
conftest.cpp:23:28: fatal error: ac_nonexistent.h: No such file or directory
 #include <ac_nonexistent.h>
                            ^
compilation terminated.
configure:12879: $? = 1
configure: failed program was:
| /* confdefs.h */
| #define PACKAGE_NAME "Roger Router"
| #define PACKAGE_TARNAME "roger-router"
| #define PACKAGE_VERSION "1.9.3"
| #define PACKAGE_STRING "Roger Router 1.9.3"
| #define PACKAGE_BUGREPORT "http://www.tabos.org"
| #define PACKAGE_URL ""
| #define PACKAGE "roger-router"
| #define VERSION "1.9.3"
| #define STDC_HEADERS 1
| #define HAVE_SYS_TYPES_H 1
| #define HAVE_SYS_STAT_H 1
| #define HAVE_STDLIB_H 1
| #define HAVE_STRING_H 1
| #define HAVE_MEMORY_H 1
| #define HAVE_STRINGS_H 1
| #define HAVE_INTTYPES_H 1
| #define HAVE_STDINT_H 1
| #define HAVE_UNISTD_H 1
| #define HAVE_DLFCN_H 1
| #define LT_OBJDIR ".libs/"
| /* end confdefs.h.  */
| #include <ac_nonexistent.h>
configure:12904: result: g++ -E
configure:12924: g++ -E  conftest.cpp
configure:12924: $? = 0
configure:12938: g++ -E  conftest.cpp
conftest.cpp:23:28: fatal error: ac_nonexistent.h: No such file or directory
 #include <ac_nonexistent.h>
                            ^
compilation terminated.
configure:12938: $? = 1
configure: failed program was:
| /* confdefs.h */
| #define PACKAGE_NAME "Roger Router"
| #define PACKAGE_TARNAME "roger-router"
| #define PACKAGE_VERSION "1.9.3"
| #define PACKAGE_STRING "Roger Router 1.9.3"
| #define PACKAGE_BUGREPORT "http://www.tabos.org"
| #define PACKAGE_URL ""
| #define PACKAGE "roger-router"
| #define VERSION "1.9.3"
| #define STDC_HEADERS 1
| #define HAVE_SYS_TYPES_H 1
| #define HAVE_SYS_STAT_H 1
| #define HAVE_STDLIB_H 1
| #define HAVE_STRING_H 1
| #define HAVE_MEMORY_H 1
| #define HAVE_STRINGS_H 1
| #define HAVE_INTTYPES_H 1
| #define HAVE_STDINT_H 1
| #define HAVE_UNISTD_H 1
| #define HAVE_DLFCN_H 1
| #define LT_OBJDIR ".libs/"
| /* end confdefs.h.  */
| #include <ac_nonexistent.h>
configure:13107: checking for ld used by g++
configure:13174: result: /usr/x86_64-suse-linux/bin/ld -m elf_x86_64
configure:13181: checking if the linker (/usr/x86_64-suse-linux/bin/ld -m elf_x86_64) is GNU ld
configure:13196: result: yes
configure:13251: checking whether the g++ linker (/usr/x86_64-suse-linux/bin/ld -m elf_x86_64) supports shared libraries
configure:14256: result: yes
configure:14292: g++ -c -g -O2  conftest.cpp >&5
configure:14295: $? = 0
configure:14815: checking for g++ option to produce PIC
configure:14822: result: -fPIC -DPIC
configure:14830: checking if g++ PIC flag -fPIC -DPIC works
configure:14848: g++ -c -g -O2  -fPIC -DPIC -DPIC conftest.cpp >&5
configure:14852: $? = 0
configure:14865: result: yes
configure:14888: checking if g++ static flag -static works
configure:14916: result: no
configure:14928: checking if g++ supports -c -o file.o
configure:14949: g++ -c -g -O2  -o out/conftest2.o conftest.cpp >&5
configure:14953: $? = 0
configure:14975: result: yes
configure:14980: checking if g++ supports -c -o file.o
configure:15027: result: yes
configure:15057: checking whether the g++ linker (/usr/x86_64-suse-linux/bin/ld -m elf_x86_64) supports shared libraries
configure:15093: result: yes
configure:15234: checking dynamic linker characteristics
configure:15901: result: GNU/Linux ld.so
configure:15954: checking how to hardcode library paths into programs
configure:15979: result: immediate
configure:16109: checking for pkg-config
configure:16127: found /usr/bin/pkg-config
configure:16139: result: /usr/bin/pkg-config
configure:16164: checking pkg-config is at least version 0.16
configure:16167: result: yes
configure:16296: checking size of long
configure:16301: gcc -o conftest -g -O2   conftest.c  >&5
configure:16301: $? = 0
configure:16301: ./conftest
configure:16301: $? = 0
configure:16315: result: 8
configure:16339: checking for pow in -lm
configure:16364: gcc -o conftest -g -O2   conftest.c -lm   >&5
conftest.c:33:6: warning: conflicting types for built-in function 'pow' [enabled by default]
 char pow ();
      ^
configure:16364: $? = 0
configure:16373: result: yes
configure:16384: checking for g_thread_init in -lgthread-2.0
configure:16409: gcc -o conftest -g -O2   conftest.c -lgthread-2.0  -lm  >&5
configure:16409: $? = 0
configure:16418: result: yes
configure:16431: checking for msgmerge
configure:16449: found /usr/bin/msgmerge
configure:16462: result: /usr/bin/msgmerge
configure:16472: checking for xgettext
configure:16490: found /usr/bin/xgettext
configure:16503: result: /usr/bin/xgettext
configure:16520: checking whether NLS is requested
configure:16529: result: yes
configure:16547: checking for intltool >= 0.40.0
configure:16549: result: 0.51.0 found
configure:16557: checking for intltool-update
configure:16575: found /usr/bin/intltool-update
configure:16587: result: /usr/bin/intltool-update
configure:16597: checking for intltool-merge
configure:16615: found /usr/bin/intltool-merge
configure:16627: result: /usr/bin/intltool-merge
configure:16637: checking for intltool-extract
configure:16655: found /usr/bin/intltool-extract
configure:16667: result: /usr/bin/intltool-extract
configure:16821: checking for xgettext
configure:16839: found /usr/bin/xgettext
configure:16851: result: /usr/bin/xgettext
configure:16861: checking for msgmerge
configure:16879: found /usr/bin/msgmerge
configure:16891: result: /usr/bin/msgmerge
configure:16901: checking for msgfmt
configure:16919: found /usr/bin/msgfmt
configure:16931: result: /usr/bin/msgfmt
configure:16941: checking for gmsgfmt
configure:16972: result: /usr/bin/msgfmt
configure:16992: checking for perl
configure:17010: found /usr/bin/perl
configure:17022: result: /usr/bin/perl
configure:17033: checking for perl >= 5.8.1
configure:17040: result: 5.18.2
configure:17044: checking for XML::Parser
configure:17047: result: ok
configure:17065: checking locale.h usability
configure:17065: gcc -c -g -O2  conftest.c >&5
configure:17065: $? = 0
configure:17065: result: yes
configure:17065: checking locale.h presence
configure:17065: gcc -E  conftest.c
configure:17065: $? = 0
configure:17065: result: yes
configure:17065: checking for locale.h
configure:17065: result: yes
configure:17076: checking for LC_MESSAGES
configure:17092: gcc -o conftest -g -O2   conftest.c -lgthread-2.0 -lm  >&5
configure:17092: $? = 0
configure:17100: result: yes
configure:17117: checking libintl.h usability
configure:17117: gcc -c -g -O2  conftest.c >&5
configure:17117: $? = 0
configure:17117: result: yes
configure:17117: checking libintl.h presence
configure:17117: gcc -E  conftest.c
configure:17117: $? = 0
configure:17117: result: yes
configure:17117: checking for libintl.h
configure:17117: result: yes
configure:17125: checking for ngettext in libc
configure:17143: gcc -o conftest -g -O2   conftest.c -lgthread-2.0 -lm  >&5
configure:17143: $? = 0
configure:17152: result: yes
configure:17156: checking for dgettext in libc
configure:17174: gcc -o conftest -g -O2   conftest.c -lgthread-2.0 -lm  >&5
configure:17174: $? = 0
configure:17183: result: yes
configure:17190: checking for bind_textdomain_codeset
configure:17190: gcc -o conftest -g -O2   conftest.c -lgthread-2.0 -lm  >&5
configure:17190: $? = 0
configure:17190: result: yes
configure:17466: checking for msgfmt
configure:17493: result: /usr/bin/msgfmt
configure:17504: checking for dcgettext
configure:17504: gcc -o conftest -g -O2   conftest.c -lgthread-2.0 -lm   >&5
conftest.c:56:6: warning: conflicting types for built-in function 'dcgettext' [enabled by default]
 char dcgettext ();
      ^
configure:17504: $? = 0
configure:17504: result: yes
configure:17514: checking if msgfmt accepts -c
configure:17529: $MSGFMT -c -o /dev/null conftest.foo
conftest.foo:3: warning: header field 'Language' missing in header
configure:17532: $? = 0
configure:17534: result: yes
configure:17544: checking for gmsgfmt
configure:17575: result: /usr/bin/msgfmt
configure:17585: checking for xgettext
configure:17612: result: /usr/bin/xgettext
configure:17631: gcc -o conftest -g -O2   conftest.c -lgthread-2.0 -lm   >&5
configure:17631: $? = 0
configure:17771: checking if cross-building for win32
configure:17894: result: no
configure:17915: checking for EXTRA
configure:17922: $PKG_CONFIG --exists --print-errors "glib-2.0 >= 2.40 gio-2.0 >= 2.40 speex >= 1.0 speexdsp >= 1.0 sndfile >= 1.0.0 libxml-2.0 gupnp-1.0 gssdp-1.0 json-glib-1.0"
configure:17925: $? = 0
configure:17939: $PKG_CONFIG --exists --print-errors "glib-2.0 >= 2.40 gio-2.0 >= 2.40 speex >= 1.0 speexdsp >= 1.0 sndfile >= 1.0.0 libxml-2.0 gupnp-1.0 gssdp-1.0 json-glib-1.0"
configure:17942: $? = 0
configure:18000: result: yes
configure:18008: checking for GTK
configure:18015: $PKG_CONFIG --exists --print-errors "gtk+-3.0 >= $GTK_REQUIRED"
configure:18018: $? = 0
configure:18032: $PKG_CONFIG --exists --print-errors "gtk+-3.0 >= $GTK_REQUIRED"
configure:18035: $? = 0
configure:18093: result: yes
configure:18100: checking for GMODULE
configure:18107: $PKG_CONFIG --exists --print-errors "gmodule-2.0"
configure:18110: $? = 0
configure:18124: $PKG_CONFIG --exists --print-errors "gmodule-2.0"
configure:18127: $? = 0
configure:18185: result: yes
configure:18192: checking for SOUP
configure:18199: $PKG_CONFIG --exists --print-errors "libsoup-2.4"
configure:18202: $? = 0
configure:18216: $PKG_CONFIG --exists --print-errors "libsoup-2.4"
configure:18219: $? = 0
configure:18277: result: yes
configure:18284: checking for PEAS
configure:18291: $PKG_CONFIG --exists --print-errors "libpeas-1.0"
configure:18294: $? = 0
configure:18308: $PKG_CONFIG --exists --print-errors "libpeas-1.0"
configure:18311: $? = 0
configure:18369: result: yes
configure:18375: checking for PEAS_GTK
configure:18382: $PKG_CONFIG --exists --print-errors "libpeas-gtk-1.0"
configure:18385: $? = 0
configure:18399: $PKG_CONFIG --exists --print-errors "libpeas-gtk-1.0"
configure:18402: $? = 0
configure:18460: result: yes
configure:18467: checking tiffio.h usability
configure:18467: gcc -c -g -O2  conftest.c >&5
configure:18467: $? = 0
configure:18467: result: yes
configure:18467: checking tiffio.h presence
configure:18467: gcc -E  conftest.c
configure:18467: $? = 0
configure:18467: result: yes
configure:18467: checking for tiffio.h
configure:18467: result: yes
configure:18477: checking for TIFFOpen in -ltiff
configure:18502: gcc -o conftest -g -O2   conftest.c -ltiff -lm -lgthread-2.0 -lm  >&5
configure:18502: $? = 0
configure:18511: result: yes
configure:18527: checking sys/utsname.h usability
configure:18527: gcc -c -g -O2  conftest.c >&5
configure:18527: $? = 0
configure:18527: result: yes
configure:18527: checking sys/utsname.h presence
configure:18527: gcc -E  conftest.c
configure:18527: $? = 0
configure:18527: result: yes
configure:18527: checking for sys/utsname.h
configure:18527: result: yes
configure:18635: checking for fax spooler type
configure:18642: result: Outgoing faxes are expected in spooler directory /var/spool/roger
configure:18657: checking for statusicon support
configure:18664: result: no
configure:18678: checking for unistd.h
configure:18678: result: yes
configure:18692: checking for sigaction
configure:18692: gcc -o conftest -g -O2   conftest.c -ltiff -lgthread-2.0 -lm  >&5
configure:18692: $? = 0
configure:18692: result: yes
configure:18704: checking for sigset()
configure:18721: gcc -c -g -O2  conftest.c >&5
configure:18721: $? = 0
configure:18729: result: yes
configure:18746: checking for libnotify
configure:18773: result: no
configure:18794: checking for libsecret-1 >= 0.11
configure:18818: result: yes
configure:18846: checking for MacOS-keyring
configure:18850: checking for SecKeychainGetVersion
configure:18868: gcc -o conftest -g -O2   conftest.c -ltiff -lgthread-2.0 -lm  -Wl,-framework -Wl,Security >&5
conftest.c:41:31: fatal error: Security/Security.h: No such file or directory
 #include <Security/Security.h>
                               ^
compilation terminated.
configure:18868: $? = 1
configure: failed program was:
| /* confdefs.h */
| #define PACKAGE_NAME "Roger Router"
| #define PACKAGE_TARNAME "roger-router"
| #define PACKAGE_VERSION "1.9.3"
| #define PACKAGE_STRING "Roger Router 1.9.3"
| #define PACKAGE_BUGREPORT "http://www.tabos.org"
| #define PACKAGE_URL ""
| #define PACKAGE "roger-router"
| #define VERSION "1.9.3"
| #define STDC_HEADERS 1
| #define HAVE_SYS_TYPES_H 1
| #define HAVE_SYS_STAT_H 1
| #define HAVE_STDLIB_H 1
| #define HAVE_STRING_H 1
| #define HAVE_MEMORY_H 1
| #define HAVE_STRINGS_H 1
| #define HAVE_INTTYPES_H 1
| #define HAVE_STDINT_H 1
| #define HAVE_UNISTD_H 1
| #define HAVE_DLFCN_H 1
| #define LT_OBJDIR ".libs/"
| #define GDK_VERSION_MIN_REQUIRED GDK_VERSION_3_8
| #define GDK_VERSION_MAX_ALLOWED GDK_VERSION_3_10
| #define SIZEOF_LONG 8
| #define HAVE_LIBM 1
| #define HAVE_LIBGTHREAD_2_0 1
| #define GETTEXT_PACKAGE "roger"
| #define HAVE_LOCALE_H 1
| #define HAVE_LC_MESSAGES 1
| #define HAVE_BIND_TEXTDOMAIN_CODESET 1
| #define HAVE_GETTEXT 1
| #define HAVE_DCGETTEXT 1
| #define ENABLE_NLS 1
| #define HAVE_TIFFIO_H 1
| #define HAVE_LIBTIFF 1
| #define HAVE_SYS_UTSNAME_H 1
| #define USE_PRINTER_SPOOLER 1
| #define HAVE_UNISTD_H 1
| #define HAVE_SIGACTION 1
| /* end confdefs.h.  */
| #include <Security/Security.h>
| int
| main ()
| {
| SecKeychainGetVersion(NULL);
|   ;
|   return 0;
| }
configure:18877: result: no
configure:18894: result: no
configure:18924: checking for kwallet
configure:18937: result: no
configure:18958: checking for kwallet5
configure:18971: result: no
configure:18992: checking for libgdata
configure:19016: result: no
configure:19036: checking for libebook-1.2 >= 3.10.0
configure:19060: result: no
configure:19080: checking for gstreamer-1.4 and gstreamer-app-1.4
configure:19107: result: no
configure:19128: checking for libpulse-simple
configure:19155: result: no
configure:19176: checking for portaudio-2.0 version 19
configure:19203: result: no
configure:19216: checking for faxophone
configure:19226: result: yes
configure:19238: checking for CAPI
configure:19245: $PKG_CONFIG --exists --print-errors "capi20 >= 3.6"
configure:19248: $? = 0
configure:19262: $PKG_CONFIG --exists --print-errors "capi20 >= 3.6"
configure:19265: $? = 0
configure:19483: result: yes
configure:19499: checking for spandsp
configure:19515: result: yes
configure:19591: checking for appindicator3-0.1
configure:19618: result: no
configure:19639: checking for gnotification
configure:19662: result: yes
configure:19796: checking that generated files are newer than configure
configure:19802: result: done
configure:19905: creating ./config.status

## ---------------------- ##
## Running config.status. ##
## ---------------------- ##

This file was extended by Roger Router config.status 1.9.3, which was
generated by GNU Autoconf 2.69.  Invocation command line was

  CONFIG_FILES    = 
  CONFIG_HEADERS  = 
  CONFIG_LINKS    = 
  CONFIG_COMMANDS = 
  $ ./config.status 

on linux1

config.status:1426: creating Makefile
config.status:1426: creating win32/roger.nsi
config.status:1426: creating doc/Makefile
config.status:1426: creating doc/roger.1
config.status:1426: creating doc/roger_cli.1
config.status:1426: creating po/Makefile.in
config.status:1426: creating libroutermanager/routermanager.pc
config.status:1426: creating libroutermanager/Makefile
config.status:1426: creating libroutermanager/data/Makefile
config.status:1426: creating libroutermanager/plugins/Makefile
config.status:1426: creating libroutermanager/plugins/fritzbox/Makefile
config.status:1426: creating libroutermanager/plugins/callmonitor/Makefile
config.status:1426: creating libroutermanager/plugins/areacodes_global/Makefile
config.status:1426: creating libroutermanager/plugins/pulseaudio/Makefile
config.status:1426: creating libroutermanager/plugins/reverselookup/Makefile
config.status:1426: creating libroutermanager/plugins/wincred/Makefile
config.status:1426: creating libroutermanager/plugins/portaudio/Makefile
config.status:1426: creating libroutermanager/plugins/gstreamer1/Makefile
config.status:1426: creating libroutermanager/plugins/secret/Makefile
config.status:1426: creating libroutermanager/plugins/simple_pwd/Makefile
config.status:1426: creating roger/Makefile
config.status:1426: creating roger/roger_winres.rc
config.status:1426: creating roger/data/Makefile
config.status:1426: creating roger-cli/Makefile
config.status:1426: creating roger/plugins/Makefile
config.status:1426: creating roger/plugins/statusicon/Makefile
config.status:1426: creating roger/plugins/fritzfon/Makefile
config.status:1426: creating roger/plugins/evolution/Makefile
config.status:1426: creating roger/plugins/gtknotify/Makefile
config.status:1426: creating roger/plugins/indicator/Makefile
config.status:1426: creating roger/plugins/vcard/Makefile
config.status:1426: creating roger/plugins/google/Makefile
config.status:1426: creating roger/plugins/thunderbird/Makefile
config.status:1426: creating roger/plugins/kwallet/Makefile
config.status:1426: creating roger/plugins/keychain/Makefile
config.status:1426: creating roger/plugins/osxab/Makefile
config.status:1426: creating roger/plugins/notification/Makefile
config.status:1426: creating roger/plugins/gnotification/Makefile
config.status:1426: creating roger/plugins/webjournal/Makefile
config.status:1426: creating roger/images/Makefile
config.status:1426: creating roger/images/16x16/Makefile
config.status:1426: creating roger/images/22x22/Makefile
config.status:1426: creating roger/images/24x24/Makefile
config.status:1426: creating roger/images/32x32/Makefile
config.status:1426: creating roger/images/48x48/Makefile
config.status:1426: creating roger/images/scalable/Makefile
config.status:1426: creating macosx/roger.plist
config.status:1426: creating macosx/package
config.status:1426: creating config.h
config.status:1607: config.h is unchanged
config.status:1655: executing depfiles commands
config.status:1655: executing libtool commands
config.status:1655: executing default-1 commands
config.status:1655: executing po/stamp-it commands

## ---------------- ##
## Cache variables. ##
## ---------------- ##

ac_cv_build=x86_64-suse-linux-gnu
ac_cv_c_compiler_gnu=yes
ac_cv_cxx_compiler_gnu=yes
ac_cv_env_CAPI_CFLAGS_set=
ac_cv_env_CAPI_CFLAGS_value=
ac_cv_env_CAPI_LIBS_set=
ac_cv_env_CAPI_LIBS_value=
ac_cv_env_CCC_set=
ac_cv_env_CCC_value=
ac_cv_env_CC_set=
ac_cv_env_CC_value=
ac_cv_env_CFLAGS_set=
ac_cv_env_CFLAGS_value=
ac_cv_env_CPPFLAGS_set=
ac_cv_env_CPPFLAGS_value=
ac_cv_env_CPP_set=
ac_cv_env_CPP_value=
ac_cv_env_CXXCPP_set=
ac_cv_env_CXXCPP_value=
ac_cv_env_CXXFLAGS_set=
ac_cv_env_CXXFLAGS_value=
ac_cv_env_CXX_set=
ac_cv_env_CXX_value=
ac_cv_env_EXTRA_CFLAGS_set=
ac_cv_env_EXTRA_CFLAGS_value=
ac_cv_env_EXTRA_LIBS_set=
ac_cv_env_EXTRA_LIBS_value=
ac_cv_env_FAX_SPOOLER_CFLAGS_set=
ac_cv_env_FAX_SPOOLER_CFLAGS_value=
ac_cv_env_FAX_SPOOLER_LIBS_set=
ac_cv_env_FAX_SPOOLER_LIBS_value=
ac_cv_env_GMODULE_CFLAGS_set=
ac_cv_env_GMODULE_CFLAGS_value=
ac_cv_env_GMODULE_LIBS_set=
ac_cv_env_GMODULE_LIBS_value=
ac_cv_env_GTK_CFLAGS_set=
ac_cv_env_GTK_CFLAGS_value=
ac_cv_env_GTK_LIBS_set=
ac_cv_env_GTK_LIBS_value=
ac_cv_env_LDFLAGS_set=
ac_cv_env_LDFLAGS_value=
ac_cv_env_LIBS_set=
ac_cv_env_LIBS_value=
ac_cv_env_PEAS_CFLAGS_set=
ac_cv_env_PEAS_CFLAGS_value=
ac_cv_env_PEAS_GTK_CFLAGS_set=
ac_cv_env_PEAS_GTK_CFLAGS_value=
ac_cv_env_PEAS_GTK_LIBS_set=
ac_cv_env_PEAS_GTK_LIBS_value=
ac_cv_env_PEAS_LIBS_set=
ac_cv_env_PEAS_LIBS_value=
ac_cv_env_PKG_CONFIG_LIBDIR_set=
ac_cv_env_PKG_CONFIG_LIBDIR_value=
ac_cv_env_PKG_CONFIG_PATH_set=
ac_cv_env_PKG_CONFIG_PATH_value=
ac_cv_env_PKG_CONFIG_set=
ac_cv_env_PKG_CONFIG_value=
ac_cv_env_SOUP_CFLAGS_set=
ac_cv_env_SOUP_CFLAGS_value=
ac_cv_env_SOUP_LIBS_set=
ac_cv_env_SOUP_LIBS_value=
ac_cv_env_build_alias_set=
ac_cv_env_build_alias_value=
ac_cv_env_host_alias_set=
ac_cv_env_host_alias_value=
ac_cv_env_target_alias_set=
ac_cv_env_target_alias_value=
ac_cv_func_SecKeychainGetVersion=no
ac_cv_func_bind_textdomain_codeset=yes
ac_cv_func_dcgettext=yes
ac_cv_func_sigaction=yes
ac_cv_header_dlfcn_h=yes
ac_cv_header_inttypes_h=yes
ac_cv_header_libintl_h=yes
ac_cv_header_locale_h=yes
ac_cv_header_memory_h=yes
ac_cv_header_stdc=yes
ac_cv_header_stdint_h=yes
ac_cv_header_stdlib_h=yes
ac_cv_header_string_h=yes
ac_cv_header_strings_h=yes
ac_cv_header_sys_stat_h=yes
ac_cv_header_sys_types_h=yes
ac_cv_header_sys_utsname_h=yes
ac_cv_header_tiffio_h=yes
ac_cv_header_unistd_h=yes
ac_cv_host=x86_64-suse-linux-gnu
ac_cv_lib_gthread_2_0_g_thread_init=yes
ac_cv_lib_m_pow=yes
ac_cv_lib_tiff_TIFFOpen=yes
ac_cv_objext=o
ac_cv_path_EGREP='/usr/bin/grep -E'
ac_cv_path_FGREP='/usr/bin/grep -F'
ac_cv_path_GMSGFMT=/usr/bin/msgfmt
ac_cv_path_GREP=/usr/bin/grep
ac_cv_path_INTLTOOL_EXTRACT=/usr/bin/intltool-extract
ac_cv_path_INTLTOOL_MERGE=/usr/bin/intltool-merge
ac_cv_path_INTLTOOL_MSGMERGE=/usr/bin/msgmerge
ac_cv_path_INTLTOOL_PERL=/usr/bin/perl
ac_cv_path_INTLTOOL_UPDATE=/usr/bin/intltool-update
ac_cv_path_INTLTOOL_XGETTEXT=/usr/bin/xgettext
ac_cv_path_MSGFMT=/usr/bin/msgfmt
ac_cv_path_MSGMERGE=/usr/bin/msgmerge
ac_cv_path_SED=/usr/bin/sed
ac_cv_path_XGETTEXT=/usr/bin/xgettext
ac_cv_path_ac_prefix_program=/usr/bin/glib-compile-schemas
ac_cv_path_ac_pt_PKG_CONFIG=/usr/bin/pkg-config
ac_cv_path_install='/usr/bin/install -c'
ac_cv_path_mkdir=/usr/bin/mkdir
ac_cv_prog_AWK=gawk
ac_cv_prog_CPP='gcc -E'
ac_cv_prog_CXXCPP='g++ -E'
ac_cv_prog_ac_ct_AR=ar
ac_cv_prog_ac_ct_CC=gcc
ac_cv_prog_ac_ct_CXX=g++
ac_cv_prog_ac_ct_MANIFEST_TOOL=mt
ac_cv_prog_ac_ct_OBJDUMP=objdump
ac_cv_prog_ac_ct_RANLIB=ranlib
ac_cv_prog_ac_ct_STRIP=strip
ac_cv_prog_cc_c89=
ac_cv_prog_cc_g=yes
ac_cv_prog_cc_gcc_c_o=yes
ac_cv_prog_cxx_g=yes
ac_cv_prog_found_cc=yes
ac_cv_prog_make_make_set=yes
ac_cv_sigset=yes
ac_cv_sizeof_long=8
am_cv_CC_dependencies_compiler_type=gcc3
am_cv_CXX_dependencies_compiler_type=gcc3
am_cv_make_support_nested_variables=yes
am_cv_val_LC_MESSAGES=yes
gt_cv_func_dgettext_libc=yes
gt_cv_func_dgettext_libintl=no
gt_cv_func_ngettext_libc=yes
gt_cv_have_gettext=yes
lt_cv_ar_at_file=@
lt_cv_archive_cmds_need_lc=no
lt_cv_deplibs_check_method=pass_all
lt_cv_file_magic_cmd='$MAGIC_CMD'
lt_cv_file_magic_test_file=
lt_cv_ld_reload_flag=-r
lt_cv_nm_interface='BSD nm'
lt_cv_objdir=.libs
lt_cv_path_LD=/usr/x86_64-suse-linux/bin/ld
lt_cv_path_LDCXX='/usr/x86_64-suse-linux/bin/ld -m elf_x86_64'
lt_cv_path_NM='/usr/bin/nm -B'
lt_cv_path_mainfest_tool=no
lt_cv_prog_compiler_c_o=yes
lt_cv_prog_compiler_c_o_CXX=yes
lt_cv_prog_compiler_pic='-fPIC -DPIC'
lt_cv_prog_compiler_pic_CXX='-fPIC -DPIC'
lt_cv_prog_compiler_pic_works=yes
lt_cv_prog_compiler_pic_works_CXX=yes
lt_cv_prog_compiler_rtti_exceptions=no
lt_cv_prog_compiler_static_works=no
lt_cv_prog_compiler_static_works_CXX=no
lt_cv_prog_gnu_ld=yes
lt_cv_prog_gnu_ldcxx=yes
lt_cv_sharedlib_from_linklib_cmd='printf %s\n'
lt_cv_shlibpath_overrides_runpath=yes
lt_cv_sys_global_symbol_pipe='sed -n -e '\''s/^.*[	 ]\([ABCDGIRSTW][ABCDGIRSTW]*\)[	 ][	 ]*\([_A-Za-z][_A-Za-z0-9]*\)$/\1 \2 \2/p'\'' | sed '\''/ __gnu_lto/d'\'''
lt_cv_sys_global_symbol_to_c_name_address='sed -n -e '\''s/^: \([^ ]*\)[ ]*$/  {\"\1\", (void *) 0},/p'\'' -e '\''s/^[ABCDGIRSTW]* \([^ ]*\) \([^ ]*\)$/  {"\2", (void *) \&\2},/p'\'''
lt_cv_sys_global_symbol_to_c_name_address_lib_prefix='sed -n -e '\''s/^: \([^ ]*\)[ ]*$/  {\"\1\", (void *) 0},/p'\'' -e '\''s/^[ABCDGIRSTW]* \([^ ]*\) \(lib[^ ]*\)$/  {"\2", (void *) \&\2},/p'\'' -e '\''s/^[ABCDGIRSTW]* \([^ ]*\) \([^ ]*\)$/  {"lib\2", (void *) \&\2},/p'\'''
lt_cv_sys_global_symbol_to_cdecl='sed -n -e '\''s/^T .* \(.*\)$/extern int \1();/p'\'' -e '\''s/^[ABCDGIRSTW]* .* \(.*\)$/extern char \1;/p'\'''
lt_cv_sys_max_cmd_len=1572864
lt_cv_to_host_file_cmd=func_convert_file_noop
lt_cv_to_tool_file_cmd=func_convert_file_noop
pkg_cv_CAPI_CFLAGS='-I/usr/include/ '
pkg_cv_CAPI_LIBS='-lcapi20 '
pkg_cv_EXTRA_CFLAGS='-pthread -I/usr/local/include/libsoup-2.4 -I/usr/include/gupnp-1.0 -I/usr/include/libxml2 -I/usr/include/uuid -I/usr/include/gssdp-1.0 -I/usr/include/json-glib-1.0 -I/usr/include/glib-2.0 -I/usr/lib64/glib-2.0/include '
pkg_cv_EXTRA_LIBS='-lspeex -lspeexdsp -lsndfile -lxml2 -lgupnp-1.0 -lgssdp-1.0 -ljson-glib-1.0 -lgio-2.0 -lgobject-2.0 -lglib-2.0 '
pkg_cv_GMODULE_CFLAGS='-pthread -I/usr/include/glib-2.0 -I/usr/lib64/glib-2.0/include '
pkg_cv_GMODULE_LIBS='-Wl,--export-dynamic -lgmodule-2.0 -pthread -lglib-2.0 '
pkg_cv_GTK_CFLAGS='-pthread -I/usr/include/gtk-3.0 -I/usr/include/at-spi2-atk/2.0 -I/usr/include/at-spi-2.0 -I/usr/include/dbus-1.0 -I/usr/lib64/dbus-1.0/include -I/usr/include/gtk-3.0 -I/usr/include/gio-unix-2.0/ -I/usr/include/cairo -I/usr/include/pango-1.0 -I/usr/include/harfbuzz -I/usr/include/pango-1.0 -I/usr/include/atk-1.0 -I/usr/include/cairo -I/usr/include/pixman-1 -I/usr/include/freetype2 -I/usr/include/libdrm -I/usr/include/libpng12 -I/usr/include/gdk-pixbuf-2.0 -I/usr/include/libpng16 -I/usr/include/glib-2.0 -I/usr/lib64/glib-2.0/include '
pkg_cv_GTK_LIBS='-lgtk-3 -lgdk-3 -lpangocairo-1.0 -lpango-1.0 -latk-1.0 -lcairo-gobject -lcairo -lgdk_pixbuf-2.0 -lgio-2.0 -lgobject-2.0 -lglib-2.0 '
pkg_cv_PEAS_CFLAGS='-pthread -I/usr/include/libpeas-1.0 -I/usr/include/gobject-introspection-1.0 -I/usr/include/glib-2.0 -I/usr/lib64/glib-2.0/include '
pkg_cv_PEAS_GTK_CFLAGS='-pthread -I/usr/include/libpeas-1.0 -I/usr/include/gtk-3.0 -I/usr/include/at-spi2-atk/2.0 -I/usr/include/at-spi-2.0 -I/usr/include/dbus-1.0 -I/usr/lib64/dbus-1.0/include -I/usr/include/gtk-3.0 -I/usr/include/gio-unix-2.0/ -I/usr/include/cairo -I/usr/include/pango-1.0 -I/usr/include/harfbuzz -I/usr/include/pango-1.0 -I/usr/include/atk-1.0 -I/usr/include/cairo -I/usr/include/pixman-1 -I/usr/include/freetype2 -I/usr/include/libdrm -I/usr/include/libpng12 -I/usr/include/gdk-pixbuf-2.0 -I/usr/include/libpng16 -I/usr/include/libpeas-1.0 -I/usr/include/gobject-introspection-1.0 -I/usr/include/glib-2.0 -I/usr/lib64/glib-2.0/include '
pkg_cv_PEAS_GTK_LIBS='-lpeas-gtk-1.0 -lgtk-3 -lgdk-3 -lpangocairo-1.0 -lpango-1.0 -latk-1.0 -lcairo-gobject -lcairo -lgdk_pixbuf-2.0 -lpeas-1.0 -Wl,--export-dynamic -lgmodule-2.0 -pthread -lgio-2.0 -lgirepository-1.0 -lgobject-2.0 -lglib-2.0 '
pkg_cv_PEAS_LIBS='-lpeas-1.0 -Wl,--export-dynamic -lgmodule-2.0 -pthread -lgio-2.0 -lgirepository-1.0 -lgobject-2.0 -lglib-2.0 '
pkg_cv_SOUP_CFLAGS='-pthread -I/usr/local/include/libsoup-2.4 -I/usr/include/libxml2 -I/usr/include/glib-2.0 -I/usr/lib64/glib-2.0/include '
pkg_cv_SOUP_LIBS='-L/usr/local/lib64 -lsoup-2.4 -lgio-2.0 -lgobject-2.0 -lglib-2.0 '

## ----------------- ##
## Output variables. ##
## ----------------- ##










		$(INSTALL_DATA) $^ "$(DESTDIR)$(gsettingsschemadir)"; \
		test -n "$(GSETTINGS_DISABLE_SCHEMAS_COMPILE)$(DESTDIR)" || $(GLIB_COMPILE_SCHEMAS) $(gsettingsschemadir); \
		test -z "$(gsettingsschemadir)" || $(MKDIR_P) "$(DESTDIR)$(gsettingsschemadir)"; \
	$(AM_V_GEN) $(GLIB_COMPILE_SCHEMAS) --strict --dry-run $(addprefix --schema-file=,$(gsettings__enum_file)) --schema-file=$< && mkdir -p $(@D) && touch $@
	$(AM_V_GEN) glib-mkenums --comments '\''<!-- @comment@ -->'\'' --fhead "<schemalist>" --vhead "  <@type@ id='\''$(gsettings_ENUM_NAMESPACE).@EnumName@'\''>" --vprod "    <value nick='\''@valuenick@'\'' value='\''@valuenum@'\''/>" --vtail "  </@type@>" --ftail "</schemalist>" $^ > $@.tmp && mv $@.tmp $@
	@$(NORMAL_INSTALL)
	@$(NORMAL_UNINSTALL)
	@list='\''$(gsettings_SCHEMAS) $(gsettings__enum_file)'\''; test -n "$(gsettingsschemadir)" || list=; \
	cd "$(DESTDIR)$(gsettingsschemadir)" && rm -f $$files
	echo " ( cd '\''$(DESTDIR)$(gsettingsschemadir)'\'' && rm -f" $$files ")"; \
	fi
	files=`for p in $$list; do echo $$p; done | sed -e '\''s|^.*/||'\''`; \
	if test -n "$^"; then \
	rm -f $(gsettings_SCHEMAS:.xml=.valid) $(gsettings__enum_file)
	test -n "$$files" || exit 0; \
	test -n "$(GSETTINGS_DISABLE_SCHEMAS_COMPILE)$(DESTDIR)" || $(GLIB_COMPILE_SCHEMAS) $(gsettingsschemadir)
$(gsettings__enum_file): $(gsettings_ENUM_FILES)
%.gschema.valid: %.gschema.xml $(gsettings__enum_file)
.PHONY : uninstall-gsettings-schemas install-gsettings-schemas clean-gsettings-schemas
.SECONDARY: $(gsettings_SCHEMAS)
ACLOCAL='${SHELL} /root/rogerj/roger-router-1.9.3/missing aclocal-1.13'
ALL_LINGUAS=''
AMDEPBACKSLASH='\'
AMDEP_FALSE='#'
AMDEP_TRUE=''
AMTAR='$${TAR-tar}'
AM_BACKSLASH='\'
AM_DEFAULT_V='$(AM_DEFAULT_VERBOSITY)'
AM_DEFAULT_VERBOSITY='0'
AM_V='$(V)'
APPINDICATOR_CFLAGS=''
APPINDICATOR_LIBS=''
AR='ar'
AS='as'
AUTOCONF='${SHELL} /root/rogerj/roger-router-1.9.3/missing autoconf'
AUTOHEADER='${SHELL} /root/rogerj/roger-router-1.9.3/missing autoheader'
AUTOMAKE='${SHELL} /root/rogerj/roger-router-1.9.3/missing automake-1.13'
AWK='gawk'
CAPI_CFLAGS='-I/usr/include/ '
CAPI_LIBS='-lcapi20 '
CATALOGS=''
CATOBJEXT='.gmo'
CC='gcc'
CCDEPMODE='depmode=gcc3'
CFLAGS='-g -O2'
CPP='gcc -E'
CPPFLAGS=''
CXX='g++'
CXXCPP='g++ -E'
CXXDEPMODE='depmode=gcc3'
CXXFLAGS='-g -O2'
CYGPATH_W='echo'
DATADIRNAME='share'
DEFS='-DHAVE_CONFIG_H'
DEPDIR='.deps'
DLLTOOL='false'
DSYMUTIL=''
DUMPBIN=''
EBOOK_CFLAGS=''
EBOOK_LIBS=''
ECHO_C=''
ECHO_N='-n'
ECHO_T=''
EGREP='/usr/bin/grep -E'
EXEEXT=''
EXTRA_CFLAGS='-pthread -I/usr/local/include/libsoup-2.4 -I/usr/include/gupnp-1.0 -I/usr/include/libxml2 -I/usr/include/uuid -I/usr/include/gssdp-1.0 -I/usr/include/json-glib-1.0 -I/usr/include/glib-2.0 -I/usr/lib64/glib-2.0/include  -g'
EXTRA_LIBS='-lspeex -lspeexdsp -lsndfile -lxml2 -lgupnp-1.0 -lgssdp-1.0 -ljson-glib-1.0 -lgio-2.0 -lgobject-2.0 -lglib-2.0 '
FAX_SPOOLER_CFLAGS=''
FAX_SPOOLER_LIBS=''
FGREP='/usr/bin/grep -F'
GDATA_CFLAGS=''
GDATA_LIBS=''
GETTEXT_PACKAGE='roger'
GLIB_COMPILE_SCHEMAS='glib-compile-schemas'
GMODULE_CFLAGS='-pthread -I/usr/include/glib-2.0 -I/usr/lib64/glib-2.0/include '
GMODULE_LIBS='-Wl,--export-dynamic -lgmodule-2.0 -pthread -lglib-2.0 '
GMOFILES=''
GMSGFMT='/usr/bin/msgfmt'
GREP='/usr/bin/grep'
GSETTINGS_DISABLE_SCHEMAS_COMPILE=''
GSETTINGS_RULES='
GSTREAMER1_CFLAGS=''
GSTREAMER1_LIBS=''
GTK_CFLAGS='-pthread -I/usr/include/gtk-3.0 -I/usr/include/at-spi2-atk/2.0 -I/usr/include/at-spi-2.0 -I/usr/include/dbus-1.0 -I/usr/lib64/dbus-1.0/include -I/usr/include/gtk-3.0 -I/usr/include/gio-unix-2.0/ -I/usr/include/cairo -I/usr/include/pango-1.0 -I/usr/include/harfbuzz -I/usr/include/pango-1.0 -I/usr/include/atk-1.0 -I/usr/include/cairo -I/usr/include/pixman-1 -I/usr/include/freetype2 -I/usr/include/libdrm -I/usr/include/libpng12 -I/usr/include/gdk-pixbuf-2.0 -I/usr/include/libpng16 -I/usr/include/glib-2.0 -I/usr/lib64/glib-2.0/include '
GTK_LIBS='-lgtk-3 -lgdk-3 -lpangocairo-1.0 -lpango-1.0 -latk-1.0 -lcairo-gobject -lcairo -lgdk_pixbuf-2.0 -lgio-2.0 -lgobject-2.0 -lglib-2.0 '
HAVE_SECRET_SOURCE_REGISTRY_FALSE=''
HAVE_SECRET_SOURCE_REGISTRY_TRUE='#'
INSTALL_DATA='${INSTALL} -m 644'
INSTALL_PROGRAM='${INSTALL}'
INSTALL_SCRIPT='${INSTALL}'
INSTALL_STRIP_PROGRAM='$(install_sh) -c -s'
INSTOBJEXT='.mo'
INTLLIBS=''
INTLTOOL_CAVES_RULE='%.caves:     %.caves.in     $(INTLTOOL_MERGE) $(wildcard $(top_srcdir)/po/*.po) ; $(INTLTOOL_V_MERGE)LC_ALL=C $(INTLTOOL_MERGE) $(INTLTOOL_V_MERGE_OPTIONS) -d -u -c $(top_builddir)/po/.intltool-merge-cache $(top_srcdir)/po $< $@'
INTLTOOL_DESKTOP_RULE='%.desktop:   %.desktop.in   $(INTLTOOL_MERGE) $(wildcard $(top_srcdir)/po/*.po) ; $(INTLTOOL_V_MERGE)LC_ALL=C $(INTLTOOL_MERGE) $(INTLTOOL_V_MERGE_OPTIONS) -d -u -c $(top_builddir)/po/.intltool-merge-cache $(top_srcdir)/po $< $@'
INTLTOOL_DIRECTORY_RULE='%.directory: %.directory.in $(INTLTOOL_MERGE) $(wildcard $(top_srcdir)/po/*.po) ; $(INTLTOOL_V_MERGE)LC_ALL=C $(INTLTOOL_MERGE) $(INTLTOOL_V_MERGE_OPTIONS) -d -u -c $(top_builddir)/po/.intltool-merge-cache $(top_srcdir)/po $< $@'
INTLTOOL_EXTRACT='/usr/bin/intltool-extract'
INTLTOOL_KBD_RULE='%.kbd:       %.kbd.in       $(INTLTOOL_MERGE) $(wildcard $(top_srcdir)/po/*.po) ; $(INTLTOOL_V_MERGE)LC_ALL=C $(INTLTOOL_MERGE) $(INTLTOOL_V_MERGE_OPTIONS) -x -u -m -c $(top_builddir)/po/.intltool-merge-cache $(top_srcdir)/po $< $@'
INTLTOOL_KEYS_RULE='%.keys:      %.keys.in      $(INTLTOOL_MERGE) $(wildcard $(top_srcdir)/po/*.po) ; $(INTLTOOL_V_MERGE)LC_ALL=C $(INTLTOOL_MERGE) $(INTLTOOL_V_MERGE_OPTIONS) -k -u -c $(top_builddir)/po/.intltool-merge-cache $(top_srcdir)/po $< $@'
INTLTOOL_MERGE='/usr/bin/intltool-merge'
INTLTOOL_MSGMERGE='/usr/bin/msgmerge'
INTLTOOL_OAF_RULE='%.oaf:       %.oaf.in       $(INTLTOOL_MERGE) $(wildcard $(top_srcdir)/po/*.po) ; $(INTLTOOL_V_MERGE)LC_ALL=C $(INTLTOOL_MERGE) $(INTLTOOL_V_MERGE_OPTIONS) -o -p $(top_srcdir)/po $< $@'
INTLTOOL_PERL='/usr/bin/perl'
INTLTOOL_POLICY_RULE='%.policy:    %.policy.in    $(INTLTOOL_MERGE) $(wildcard $(top_srcdir)/po/*.po) ; $(INTLTOOL_V_MERGE)LC_ALL=C $(INTLTOOL_MERGE) $(INTLTOOL_V_MERGE_OPTIONS) -x -u -c $(top_builddir)/po/.intltool-merge-cache $(top_srcdir)/po $< $@'
INTLTOOL_PONG_RULE='%.pong:      %.pong.in      $(INTLTOOL_MERGE) $(wildcard $(top_srcdir)/po/*.po) ; $(INTLTOOL_V_MERGE)LC_ALL=C $(INTLTOOL_MERGE) $(INTLTOOL_V_MERGE_OPTIONS) -x -u -c $(top_builddir)/po/.intltool-merge-cache $(top_srcdir)/po $< $@'
INTLTOOL_PROP_RULE='%.prop:      %.prop.in      $(INTLTOOL_MERGE) $(wildcard $(top_srcdir)/po/*.po) ; $(INTLTOOL_V_MERGE)LC_ALL=C $(INTLTOOL_MERGE) $(INTLTOOL_V_MERGE_OPTIONS) -d -u -c $(top_builddir)/po/.intltool-merge-cache $(top_srcdir)/po $< $@'
INTLTOOL_SCHEMAS_RULE='%.schemas:   %.schemas.in   $(INTLTOOL_MERGE) $(wildcard $(top_srcdir)/po/*.po) ; $(INTLTOOL_V_MERGE)LC_ALL=C $(INTLTOOL_MERGE) $(INTLTOOL_V_MERGE_OPTIONS) -s -u -c $(top_builddir)/po/.intltool-merge-cache $(top_srcdir)/po $< $@'
INTLTOOL_SERVER_RULE='%.server:    %.server.in    $(INTLTOOL_MERGE) $(wildcard $(top_srcdir)/po/*.po) ; $(INTLTOOL_V_MERGE)LC_ALL=C $(INTLTOOL_MERGE) $(INTLTOOL_V_MERGE_OPTIONS) -o -u -c $(top_builddir)/po/.intltool-merge-cache $(top_srcdir)/po $< $@'
INTLTOOL_SERVICE_RULE='%.service: %.service.in   $(INTLTOOL_MERGE) $(wildcard $(top_srcdir)/po/*.po) ; $(INTLTOOL_V_MERGE)LC_ALL=C $(INTLTOOL_MERGE) $(INTLTOOL_V_MERGE_OPTIONS) -d -u -c $(top_builddir)/po/.intltool-merge-cache $(top_srcdir)/po $< $@'
INTLTOOL_SHEET_RULE='%.sheet:     %.sheet.in     $(INTLTOOL_MERGE) $(wildcard $(top_srcdir)/po/*.po) ; $(INTLTOOL_V_MERGE)LC_ALL=C $(INTLTOOL_MERGE) $(INTLTOOL_V_MERGE_OPTIONS) -x -u -c $(top_builddir)/po/.intltool-merge-cache $(top_srcdir)/po $< $@'
INTLTOOL_SOUNDLIST_RULE='%.soundlist: %.soundlist.in $(INTLTOOL_MERGE) $(wildcard $(top_srcdir)/po/*.po) ; $(INTLTOOL_V_MERGE)LC_ALL=C $(INTLTOOL_MERGE) $(INTLTOOL_V_MERGE_OPTIONS) -d -u -c $(top_builddir)/po/.intltool-merge-cache $(top_srcdir)/po $< $@'
INTLTOOL_THEME_RULE='%.theme:     %.theme.in     $(INTLTOOL_MERGE) $(wildcard $(top_srcdir)/po/*.po) ; $(INTLTOOL_V_MERGE)LC_ALL=C $(INTLTOOL_MERGE) $(INTLTOOL_V_MERGE_OPTIONS) -d -u -c $(top_builddir)/po/.intltool-merge-cache $(top_srcdir)/po $< $@'
INTLTOOL_UI_RULE='%.ui:        %.ui.in        $(INTLTOOL_MERGE) $(wildcard $(top_srcdir)/po/*.po) ; $(INTLTOOL_V_MERGE)LC_ALL=C $(INTLTOOL_MERGE) $(INTLTOOL_V_MERGE_OPTIONS) -x -u -c $(top_builddir)/po/.intltool-merge-cache $(top_srcdir)/po $< $@'
INTLTOOL_UPDATE='/usr/bin/intltool-update'
INTLTOOL_V_MERGE='$(INTLTOOL__v_MERGE_$(V))'
INTLTOOL_V_MERGE_OPTIONS='$(intltool__v_merge_options_$(V))'
INTLTOOL_XAM_RULE='%.xam:       %.xml.in       $(INTLTOOL_MERGE) $(wildcard $(top_srcdir)/po/*.po) ; $(INTLTOOL_V_MERGE)LC_ALL=C $(INTLTOOL_MERGE) $(INTLTOOL_V_MERGE_OPTIONS) -x -u -c $(top_builddir)/po/.intltool-merge-cache $(top_srcdir)/po $< $@'
INTLTOOL_XGETTEXT='/usr/bin/xgettext'
INTLTOOL_XML_NOMERGE_RULE='%.xml:       %.xml.in       $(INTLTOOL_MERGE) ; $(INTLTOOL_V_MERGE)LC_ALL=C $(INTLTOOL_MERGE) $(INTLTOOL_V_MERGE_OPTIONS) -x -u --no-translations $< $@'
INTLTOOL_XML_RULE='%.xml:       %.xml.in       $(INTLTOOL_MERGE) $(wildcard $(top_srcdir)/po/*.po) ; $(INTLTOOL_V_MERGE)LC_ALL=C $(INTLTOOL_MERGE) $(INTLTOOL_V_MERGE_OPTIONS) -x -u -c $(top_builddir)/po/.intltool-merge-cache $(top_srcdir)/po $< $@'
INTLTOOL__v_MERGE_0='@echo "  ITMRG " $@;'
INTLTOOL__v_MERGE_='$(INTLTOOL__v_MERGE_$(AM_DEFAULT_VERBOSITY))'
KWALLET5_CFLAGS=''
KWALLET5_LIBS=''
KWALLET_CFLAGS=''
KWALLET_LIBS=''
LD='/usr/x86_64-suse-linux/bin/ld -m elf_x86_64'
LDFLAGS=''
LIBNOTIFY_CFLAGS=''
LIBNOTIFY_LIBS=''
LIBOBJS=''
LIBS='-ltiff -lgthread-2.0 -lm '
LIBTOOL='$(SHELL) $(top_builddir)/libtool'
LIPO=''
LN_S='ln -s'
LTLIBOBJS=''
MACOSX_FALSE=''
MACOSX_TRUE='#'
MAKEINFO='${SHELL} /root/rogerj/roger-router-1.9.3/missing makeinfo'
MANIFEST_TOOL=':'
MKDIR_P='/usr/bin/mkdir -p'
MKINSTALLDIRS='./mkinstalldirs'
MSGFMT='/usr/bin/msgfmt'
MSGFMT_OPTS='-c'
MSGMERGE='/usr/bin/msgmerge'
NM='/usr/bin/nm -B'
NMEDIT=''
OBJDUMP='objdump'
OBJEXT='o'
OS_CFLAGS='-DROUTERMANAGER_PLUGINS='\''"$(libdir)/routermanager/"'\'' -DAPP_PLUGINS='\''"$(libdir)/roger/"'\'' -DAPP_DATA='\''"$(datadir)/roger/"'\'' -DAPP_LOCALE='\''"$(localedir)"'\'' -Wall'
OS_LIBS='-rdynamic -lcrypt'
OTOOL64=''
OTOOL=''
PACKAGE='roger-router'
PACKAGE_BUGREPORT='http://www.tabos.org'
PACKAGE_NAME='Roger Router'
PACKAGE_STRING='Roger Router 1.9.3'
PACKAGE_TARNAME='roger-router'
PACKAGE_URL=''
PACKAGE_VERSION='1.9.3'
PATH_SEPARATOR=':'
PEAS_CFLAGS='-pthread -I/usr/include/libpeas-1.0 -I/usr/include/gobject-introspection-1.0 -I/usr/include/glib-2.0 -I/usr/lib64/glib-2.0/include '
PEAS_GTK_CFLAGS='-pthread -I/usr/include/libpeas-1.0 -I/usr/include/gtk-3.0 -I/usr/include/at-spi2-atk/2.0 -I/usr/include/at-spi-2.0 -I/usr/include/dbus-1.0 -I/usr/lib64/dbus-1.0/include -I/usr/include/gtk-3.0 -I/usr/include/gio-unix-2.0/ -I/usr/include/cairo -I/usr/include/pango-1.0 -I/usr/include/harfbuzz -I/usr/include/pango-1.0 -I/usr/include/atk-1.0 -I/usr/include/cairo -I/usr/include/pixman-1 -I/usr/include/freetype2 -I/usr/include/libdrm -I/usr/include/libpng12 -I/usr/include/gdk-pixbuf-2.0 -I/usr/include/libpng16 -I/usr/include/libpeas-1.0 -I/usr/include/gobject-introspection-1.0 -I/usr/include/glib-2.0 -I/usr/lib64/glib-2.0/include '
PEAS_GTK_LIBS='-lpeas-gtk-1.0 -lgtk-3 -lgdk-3 -lpangocairo-1.0 -lpango-1.0 -latk-1.0 -lcairo-gobject -lcairo -lgdk_pixbuf-2.0 -lpeas-1.0 -Wl,--export-dynamic -lgmodule-2.0 -pthread -lgio-2.0 -lgirepository-1.0 -lgobject-2.0 -lglib-2.0 '
PEAS_LIBS='-lpeas-1.0 -Wl,--export-dynamic -lgmodule-2.0 -pthread -lgio-2.0 -lgirepository-1.0 -lgobject-2.0 -lglib-2.0 '
PKG_CONFIG='/usr/bin/pkg-config'
PKG_CONFIG_LIBDIR=''
PKG_CONFIG_PATH=''
POFILES=''
PORTAUDIO_CFLAGS=''
PORTAUDIO_LIBS=''
POSUB='po'
PO_IN_DATADIR_FALSE=''
PO_IN_DATADIR_TRUE=''
PULSEAUDIO_CFLAGS=''
PULSEAUDIO_LIBS=''
RANLIB='ranlib'
ROGER_VERSION_MAJOR='1'
ROGER_VERSION_MICRO='3'
ROGER_VERSION_MINOR='9'
SECRET_CFLAGS='-pthread -I/usr/include/libsecret-1 -I/usr/include/glib-2.0 -I/usr/lib64/glib-2.0/include '
SECRET_LIBS='-lsecret-1 -lgio-2.0 -lgobject-2.0 -lglib-2.0 '
SED='/usr/bin/sed'
SET_MAKE=''
SHELL='/bin/sh'
SOUP_CFLAGS='-pthread -I/usr/local/include/libsoup-2.4 -I/usr/include/libxml2 -I/usr/include/glib-2.0 -I/usr/lib64/glib-2.0/include '
SOUP_LIBS='-L/usr/local/lib64 -lsoup-2.4 -lgio-2.0 -lgobject-2.0 -lglib-2.0 '
SPANDSP_CFLAGS=''
SPANDSP_LIBS='-lspandsp '
STRIP='strip'
USE_NLS='yes'
VERSION='1.9.3'
WIN32_FALSE=''
WIN32_TRUE='#'
WINDRES=''
WITH_APPINDICATOR3_FALSE=''
WITH_APPINDICATOR3_TRUE='#'
WITH_EBOOK_FALSE=''
WITH_EBOOK_TRUE='#'
WITH_FAXOPHONE_FALSE='#'
WITH_FAXOPHONE_TRUE=''
WITH_GDATA_FALSE=''
WITH_GDATA_TRUE='#'
WITH_GNOTIFICATION_FALSE='#'
WITH_GNOTIFICATION_TRUE=''
WITH_GSTREAMER1_FALSE=''
WITH_GSTREAMER1_TRUE='#'
WITH_KWALLET5_FALSE=''
WITH_KWALLET5_TRUE='#'
WITH_KWALLET_FALSE=''
WITH_KWALLET_TRUE='#'
WITH_LIBNOTIFY_FALSE=''
WITH_LIBNOTIFY_TRUE='#'
WITH_MACOS_KEYCHAIN_FALSE=''
WITH_MACOS_KEYCHAIN_TRUE='#'
WITH_OSX_AB_FALSE=''
WITH_OSX_AB_TRUE='#'
WITH_PORTAUDIO_FALSE=''
WITH_PORTAUDIO_TRUE='#'
WITH_PULSEAUDIO_FALSE=''
WITH_PULSEAUDIO_TRUE='#'
WITH_SECRET_FALSE='#'
WITH_SECRET_TRUE=''
WITH_STATUSICON_FALSE=''
WITH_STATUSICON_TRUE='#'
XGETTEXT='/usr/bin/xgettext'
ac_ct_AR='ar'
ac_ct_CC='gcc'
ac_ct_CXX='g++'
ac_ct_DUMPBIN=''
ac_prefix_program='/usr/bin/glib-compile-schemas'
all-am: $(gsettings_SCHEMAS:.xml=.valid)
am__EXEEXT_FALSE=''
am__EXEEXT_TRUE='#'
am__fastdepCC_FALSE='#'
am__fastdepCC_TRUE=''
am__fastdepCXX_FALSE='#'
am__fastdepCXX_TRUE=''
am__include='include'
am__isrc=''
am__leading_dot='.'
am__nodep='_no'
am__quote=''
am__tar='$${TAR-tar} chof - "$$tardir"'
am__untar='$${TAR-tar} xf -'
bindir='${exec_prefix}/bin'
build='x86_64-suse-linux-gnu'
build_alias=''
build_cpu='x86_64'
build_os='linux-gnu'
build_vendor='suse'
clean-gsettings-schemas:
datadir='${datarootdir}'
datarootdir='${prefix}/share'
docdir='${datarootdir}/doc/${PACKAGE_TARNAME}'
dvidir='${docdir}'
endif'
exec_prefix='${prefix}'
found_cc='yes'
gsettings__enum_file = $(addsuffix .enums.xml,$(gsettings_ENUM_NAMESPACE))
gsettingsschemadir='${datarootdir}/glib-2.0/schemas'
host='x86_64-suse-linux-gnu'
host_alias=''
host_cpu='x86_64'
host_os='linux-gnu'
host_vendor='suse'
htmldir='${docdir}'
ifdef gsettings_ENUM_NAMESPACE
includedir='${prefix}/include'
infodir='${datarootdir}/info'
install-data-am: install-gsettings-schemas
install-gsettings-schemas: $(gsettings_SCHEMAS) $(gsettings__enum_file)
install_sh='${SHELL} /root/rogerj/roger-router-1.9.3/install-sh'
intltool__v_merge_options_0='-q'
intltool__v_merge_options_='$(intltool__v_merge_options_$(AM_DEFAULT_VERBOSITY))'
libdir='/usr/lib64'
libexecdir='${exec_prefix}/lib'
localedir='${datarootdir}/locale'
localstatedir='${prefix}/var'
mandir='${datarootdir}/man'
mkdir_p='$(MKDIR_P)'
mostlyclean-am: clean-gsettings-schemas
oldincludedir='/usr/include'
pdfdir='${docdir}'
prefix='/usr'
program_transform_name='s,x,x,'
psdir='${docdir}'
sbindir='${exec_prefix}/sbin'
sharedstatedir='${prefix}/com'
sysconfdir='${prefix}/etc'
target_alias=''
uninstall-am: uninstall-gsettings-schemas
uninstall-gsettings-schemas:

## ----------- ##
## confdefs.h. ##
## ----------- ##

/* confdefs.h */
#define PACKAGE_NAME "Roger Router"
#define PACKAGE_TARNAME "roger-router"
#define PACKAGE_VERSION "1.9.3"
#define PACKAGE_STRING "Roger Router 1.9.3"
#define PACKAGE_BUGREPORT "http://www.tabos.org"
#define PACKAGE_URL ""
#define PACKAGE "roger-router"
#define VERSION "1.9.3"
#define STDC_HEADERS 1
#define HAVE_SYS_TYPES_H 1
#define HAVE_SYS_STAT_H 1
#define HAVE_STDLIB_H 1
#define HAVE_STRING_H 1
#define HAVE_MEMORY_H 1
#define HAVE_STRINGS_H 1
#define HAVE_INTTYPES_H 1
#define HAVE_STDINT_H 1
#define HAVE_UNISTD_H 1
#define HAVE_DLFCN_H 1
#define LT_OBJDIR ".libs/"
#define GDK_VERSION_MIN_REQUIRED GDK_VERSION_3_8
#define GDK_VERSION_MAX_ALLOWED GDK_VERSION_3_10
#define SIZEOF_LONG 8
#define HAVE_LIBM 1
#define HAVE_LIBGTHREAD_2_0 1
#define GETTEXT_PACKAGE "roger"
#define HAVE_LOCALE_H 1
#define HAVE_LC_MESSAGES 1
#define HAVE_BIND_TEXTDOMAIN_CODESET 1
#define HAVE_GETTEXT 1
#define HAVE_DCGETTEXT 1
#define ENABLE_NLS 1
#define HAVE_TIFFIO_H 1
#define HAVE_LIBTIFF 1
#define HAVE_SYS_UTSNAME_H 1
#define USE_PRINTER_SPOOLER 1
#define HAVE_UNISTD_H 1
#define HAVE_SIGACTION 1
#define HAVE_FAXOPHONE 1
#define HAVE_CAPI_36 1
#define HAVE_GNOTIFICATION 1

configure: exit 0
